05:34:13.656 [HikariPool-1 housekeeper] WARN  com.zaxxer.hikari.pool.HikariPool - HikariPool-1 - Thread starvation or clock leap detected (housekeeper delta=7h41m59s519ms420µs).
10:08:01.347 [HikariPool-1 housekeeper] WARN  com.zaxxer.hikari.pool.HikariPool - HikariPool-1 - Thread starvation or clock leap detected (housekeeper delta=47s424ms244µs400ns).
10:15:20.179 [http-nio-8080-exec-2] DEBUG o.s.security.web.FilterChainProxy - Securing OPTIONS /users/getProfile
10:15:20.186 [http-nio-8080-exec-8] DEBUG o.s.security.web.FilterChainProxy - Securing GET /users/getProfile
10:15:20.252 [http-nio-8080-exec-8] DEBUG o.s.s.w.a.AnonymousAuthenticationFilter - Set SecurityContextHolder to anonymous SecurityContext
10:15:20.268 [http-nio-8080-exec-8] DEBUG o.s.security.web.FilterChainProxy - Securing GET /error
10:15:20.270 [http-nio-8080-exec-8] DEBUG o.s.s.w.a.AnonymousAuthenticationFilter - Set SecurityContextHolder to anonymous SecurityContext
10:15:35.052 [http-nio-8080-exec-9] DEBUG o.s.security.web.FilterChainProxy - Securing OPTIONS /authenticate
10:15:35.055 [http-nio-8080-exec-4] DEBUG o.s.security.web.FilterChainProxy - Securing POST /authenticate
10:15:35.055 [http-nio-8080-exec-4] WARN  c.e.Project.config.JwtRequestFilter - JWT Token does not begin with Bearer String
10:15:35.055 [http-nio-8080-exec-4] DEBUG o.s.s.w.a.AnonymousAuthenticationFilter - Set SecurityContextHolder to anonymous SecurityContext
10:15:35.055 [http-nio-8080-exec-4] DEBUG o.s.security.web.FilterChainProxy - Secured POST /authenticate
10:15:35.149 [http-nio-8080-exec-4] DEBUG o.s.s.a.d.DaoAuthenticationProvider - Failed to authenticate since password does not match stored value
10:15:41.033 [http-nio-8080-exec-1] DEBUG o.s.security.web.FilterChainProxy - Securing POST /authenticate
10:15:41.033 [http-nio-8080-exec-1] WARN  c.e.Project.config.JwtRequestFilter - JWT Token does not begin with Bearer String
10:15:41.033 [http-nio-8080-exec-1] DEBUG o.s.s.w.a.AnonymousAuthenticationFilter - Set SecurityContextHolder to anonymous SecurityContext
10:15:41.033 [http-nio-8080-exec-1] DEBUG o.s.security.web.FilterChainProxy - Secured POST /authenticate
10:15:41.124 [http-nio-8080-exec-1] DEBUG o.s.s.a.d.DaoAuthenticationProvider - Authenticated user
10:15:43.295 [http-nio-8080-exec-6] DEBUG o.s.security.web.FilterChainProxy - Securing GET /users/getProfile
10:15:43.311 [http-nio-8080-exec-6] DEBUG o.s.security.web.FilterChainProxy - Secured GET /users/getProfile
10:18:48.336 [http-nio-8080-exec-3] DEBUG o.s.security.web.FilterChainProxy - Securing GET /users/getProfile
10:18:48.346 [http-nio-8080-exec-3] DEBUG o.s.security.web.FilterChainProxy - Secured GET /users/getProfile
10:19:36.384 [http-nio-8080-exec-5] DEBUG o.s.security.web.FilterChainProxy - Securing GET /users/getProfile
10:19:36.394 [http-nio-8080-exec-5] DEBUG o.s.security.web.FilterChainProxy - Secured GET /users/getProfile
10:19:41.302 [http-nio-8080-exec-7] DEBUG o.s.security.web.FilterChainProxy - Securing OPTIONS /users/getProfile
10:19:41.305 [http-nio-8080-exec-2] DEBUG o.s.security.web.FilterChainProxy - Securing GET /users/getProfile
10:19:41.309 [http-nio-8080-exec-2] ERROR o.a.c.c.C.[.[.[.[dispatcherServlet] - Servlet.service() for servlet [dispatcherServlet] in context with path [] threw exception
io.jsonwebtoken.MalformedJwtException: JWT strings must contain exactly 2 period characters. Found: 0
	at io.jsonwebtoken.impl.DefaultJwtParser.parse(DefaultJwtParser.java:275)
	at io.jsonwebtoken.impl.DefaultJwtParser.parse(DefaultJwtParser.java:529)
	at io.jsonwebtoken.impl.DefaultJwtParser.parseClaimsJws(DefaultJwtParser.java:589)
	at io.jsonwebtoken.impl.ImmutableJwtParser.parseClaimsJws(ImmutableJwtParser.java:173)
	at com.example.Project.config.JwtTokUtil.extractAllClaims(JwtTokUtil.java:60)
	at com.example.Project.config.JwtTokUtil.extractClaim(JwtTokUtil.java:51)
	at com.example.Project.config.JwtTokUtil.extractUsername(JwtTokUtil.java:43)
	at com.example.Project.config.JwtRequestFilter.doFilterInternal(JwtRequestFilter.java:64)
	at org.springframework.web.filter.OncePerRequestFilter.doFilter(OncePerRequestFilter.java:116)
	at org.springframework.security.web.FilterChainProxy$VirtualFilterChain.doFilter(FilterChainProxy.java:374)
	at org.springframework.security.web.authentication.logout.LogoutFilter.doFilter(LogoutFilter.java:107)
	at org.springframework.security.web.authentication.logout.LogoutFilter.doFilter(LogoutFilter.java:93)
	at org.springframework.security.web.FilterChainProxy$VirtualFilterChain.doFilter(FilterChainProxy.java:374)
	at org.springframework.web.filter.CorsFilter.doFilterInternal(CorsFilter.java:91)
	at org.springframework.web.filter.OncePerRequestFilter.doFilter(OncePerRequestFilter.java:116)
	at org.springframework.security.web.FilterChainProxy$VirtualFilterChain.doFilter(FilterChainProxy.java:374)
	at org.springframework.security.web.header.HeaderWriterFilter.doHeadersAfter(HeaderWriterFilter.java:90)
	at org.springframework.security.web.header.HeaderWriterFilter.doFilterInternal(HeaderWriterFilter.java:75)
	at org.springframework.web.filter.OncePerRequestFilter.doFilter(OncePerRequestFilter.java:116)
	at org.springframework.security.web.FilterChainProxy$VirtualFilterChain.doFilter(FilterChainProxy.java:374)
	at org.springframework.security.web.context.SecurityContextHolderFilter.doFilter(SecurityContextHolderFilter.java:82)
	at org.springframework.security.web.context.SecurityContextHolderFilter.doFilter(SecurityContextHolderFilter.java:69)
	at org.springframework.security.web.FilterChainProxy$VirtualFilterChain.doFilter(FilterChainProxy.java:374)
	at org.springframework.security.web.context.request.async.WebAsyncManagerIntegrationFilter.doFilterInternal(WebAsyncManagerIntegrationFilter.java:62)
	at org.springframework.web.filter.OncePerRequestFilter.doFilter(OncePerRequestFilter.java:116)
	at org.springframework.security.web.FilterChainProxy$VirtualFilterChain.doFilter(FilterChainProxy.java:374)
	at org.springframework.security.web.session.DisableEncodeUrlFilter.doFilterInternal(DisableEncodeUrlFilter.java:42)
	at org.springframework.web.filter.OncePerRequestFilter.doFilter(OncePerRequestFilter.java:116)
	at org.springframework.security.web.FilterChainProxy$VirtualFilterChain.doFilter(FilterChainProxy.java:374)
	at org.springframework.security.web.FilterChainProxy.doFilterInternal(FilterChainProxy.java:233)
	at org.springframework.security.web.FilterChainProxy.doFilter(FilterChainProxy.java:191)
	at org.springframework.web.filter.CompositeFilter$VirtualFilterChain.doFilter(CompositeFilter.java:113)
	at org.springframework.web.servlet.handler.HandlerMappingIntrospector.lambda$createCacheFilter$3(HandlerMappingIntrospector.java:195)
	at org.springframework.web.filter.CompositeFilter$VirtualFilterChain.doFilter(CompositeFilter.java:113)
	at org.springframework.web.filter.CompositeFilter.doFilter(CompositeFilter.java:74)
	at org.springframework.security.config.annotation.web.configuration.WebMvcSecurityConfiguration$CompositeFilterChainProxy.doFilter(WebMvcSecurityConfiguration.java:225)
	at org.springframework.web.filter.DelegatingFilterProxy.invokeDelegate(DelegatingFilterProxy.java:352)
	at org.springframework.web.filter.DelegatingFilterProxy.doFilter(DelegatingFilterProxy.java:268)
	at org.apache.catalina.core.ApplicationFilterChain.internalDoFilter(ApplicationFilterChain.java:174)
	at org.apache.catalina.core.ApplicationFilterChain.doFilter(ApplicationFilterChain.java:149)
	at org.springframework.web.filter.FormContentFilter.doFilterInternal(FormContentFilter.java:93)
	at org.springframework.web.filter.OncePerRequestFilter.doFilter(OncePerRequestFilter.java:116)
	at org.apache.catalina.core.ApplicationFilterChain.internalDoFilter(ApplicationFilterChain.java:174)
	at org.apache.catalina.core.ApplicationFilterChain.doFilter(ApplicationFilterChain.java:149)
	at org.springframework.web.filter.CharacterEncodingFilter.doFilterInternal(CharacterEncodingFilter.java:201)
	at org.springframework.web.filter.OncePerRequestFilter.doFilter(OncePerRequestFilter.java:116)
	at org.apache.catalina.core.ApplicationFilterChain.internalDoFilter(ApplicationFilterChain.java:174)
	at org.apache.catalina.core.ApplicationFilterChain.doFilter(ApplicationFilterChain.java:149)
	at org.apache.catalina.core.StandardWrapperValve.invoke(StandardWrapperValve.java:167)
	at org.apache.catalina.core.StandardContextValve.invoke(StandardContextValve.java:90)
	at org.apache.catalina.authenticator.AuthenticatorBase.invoke(AuthenticatorBase.java:482)
	at org.apache.catalina.core.StandardHostValve.invoke(StandardHostValve.java:115)
	at org.apache.catalina.valves.ErrorReportValve.invoke(ErrorReportValve.java:93)
	at org.apache.catalina.core.StandardEngineValve.invoke(StandardEngineValve.java:74)
	at org.apache.catalina.connector.CoyoteAdapter.service(CoyoteAdapter.java:340)
	at org.apache.coyote.http11.Http11Processor.service(Http11Processor.java:391)
	at org.apache.coyote.AbstractProcessorLight.process(AbstractProcessorLight.java:63)
	at org.apache.coyote.AbstractProtocol$ConnectionHandler.process(AbstractProtocol.java:896)
	at org.apache.tomcat.util.net.NioEndpoint$SocketProcessor.doRun(NioEndpoint.java:1744)
	at org.apache.tomcat.util.net.SocketProcessorBase.run(SocketProcessorBase.java:52)
	at org.apache.tomcat.util.threads.ThreadPoolExecutor.runWorker(ThreadPoolExecutor.java:1191)
	at org.apache.tomcat.util.threads.ThreadPoolExecutor$Worker.run(ThreadPoolExecutor.java:659)
	at org.apache.tomcat.util.threads.TaskThread$WrappingRunnable.run(TaskThread.java:61)
	at java.base/java.lang.Thread.run(Thread.java:833)
10:19:41.313 [http-nio-8080-exec-2] DEBUG o.s.security.web.FilterChainProxy - Securing GET /error
10:19:41.313 [http-nio-8080-exec-2] DEBUG o.s.s.w.a.AnonymousAuthenticationFilter - Set SecurityContextHolder to anonymous SecurityContext
10:19:43.960 [http-nio-8080-exec-8] DEBUG o.s.security.web.FilterChainProxy - Securing GET /users/getProfile
10:19:43.968 [http-nio-8080-exec-8] DEBUG o.s.security.web.FilterChainProxy - Secured GET /users/getProfile
10:22:38.754 [http-nio-8080-exec-1] DEBUG o.s.security.web.FilterChainProxy - Securing GET /users/getProfile
10:22:38.764 [http-nio-8080-exec-1] DEBUG o.s.security.web.FilterChainProxy - Secured GET /users/getProfile
10:22:38.773 [http-nio-8080-exec-6] DEBUG o.s.security.web.FilterChainProxy - Securing GET /users/getProfile
10:22:38.785 [http-nio-8080-exec-6] DEBUG o.s.security.web.FilterChainProxy - Secured GET /users/getProfile
10:22:41.040 [http-nio-8080-exec-10] DEBUG o.s.security.web.FilterChainProxy - Securing OPTIONS /users/getProfile
10:22:41.042 [http-nio-8080-exec-3] DEBUG o.s.security.web.FilterChainProxy - Securing GET /users/getProfile
10:22:41.047 [http-nio-8080-exec-3] DEBUG o.s.s.w.a.AnonymousAuthenticationFilter - Set SecurityContextHolder to anonymous SecurityContext
10:22:41.049 [http-nio-8080-exec-3] DEBUG o.s.security.web.FilterChainProxy - Securing GET /error
10:22:41.053 [http-nio-8080-exec-3] DEBUG o.s.s.w.a.AnonymousAuthenticationFilter - Set SecurityContextHolder to anonymous SecurityContext
10:22:49.643 [http-nio-8080-exec-5] DEBUG o.s.security.web.FilterChainProxy - Securing GET /users/getProfile
10:22:49.652 [http-nio-8080-exec-5] DEBUG o.s.security.web.FilterChainProxy - Secured GET /users/getProfile
10:22:50.196 [http-nio-8080-exec-7] DEBUG o.s.security.web.FilterChainProxy - Securing GET /users/getProfile
10:22:50.206 [http-nio-8080-exec-7] DEBUG o.s.security.web.FilterChainProxy - Secured GET /users/getProfile
10:22:50.451 [http-nio-8080-exec-2] DEBUG o.s.security.web.FilterChainProxy - Securing GET /users/getProfile
10:22:50.462 [http-nio-8080-exec-2] DEBUG o.s.security.web.FilterChainProxy - Secured GET /users/getProfile
10:22:50.924 [http-nio-8080-exec-8] DEBUG o.s.security.web.FilterChainProxy - Securing GET /users/getProfile
10:22:50.932 [http-nio-8080-exec-8] DEBUG o.s.security.web.FilterChainProxy - Secured GET /users/getProfile
10:22:51.373 [http-nio-8080-exec-9] DEBUG o.s.security.web.FilterChainProxy - Securing GET /users/getProfile
10:22:51.384 [http-nio-8080-exec-9] DEBUG o.s.security.web.FilterChainProxy - Secured GET /users/getProfile
10:22:51.885 [http-nio-8080-exec-4] DEBUG o.s.security.web.FilterChainProxy - Securing GET /users/getProfile
10:22:51.895 [http-nio-8080-exec-4] DEBUG o.s.security.web.FilterChainProxy - Secured GET /users/getProfile
10:22:52.447 [http-nio-8080-exec-1] DEBUG o.s.security.web.FilterChainProxy - Securing GET /users/getProfile
10:22:52.458 [http-nio-8080-exec-1] DEBUG o.s.security.web.FilterChainProxy - Secured GET /users/getProfile
10:22:58.323 [http-nio-8080-exec-5] DEBUG o.s.security.web.FilterChainProxy - Securing GET /users/getProfile
10:22:58.335 [http-nio-8080-exec-5] DEBUG o.s.security.web.FilterChainProxy - Secured GET /users/getProfile
10:23:07.728 [http-nio-8080-exec-7] DEBUG o.s.security.web.FilterChainProxy - Securing GET /users/getProfile
10:23:07.743 [http-nio-8080-exec-7] DEBUG o.s.security.web.FilterChainProxy - Secured GET /users/getProfile
10:23:30.862 [http-nio-8080-exec-8] DEBUG o.s.security.web.FilterChainProxy - Securing GET /users/getProfile
10:23:30.871 [http-nio-8080-exec-8] DEBUG o.s.security.web.FilterChainProxy - Secured GET /users/getProfile
10:23:30.885 [http-nio-8080-exec-9] DEBUG o.s.security.web.FilterChainProxy - Securing GET /users/getProfile
10:23:30.894 [http-nio-8080-exec-9] DEBUG o.s.security.web.FilterChainProxy - Secured GET /users/getProfile
10:23:30.903 [http-nio-8080-exec-4] DEBUG o.s.security.web.FilterChainProxy - Securing GET /users/getProfile
10:23:30.913 [http-nio-8080-exec-4] DEBUG o.s.security.web.FilterChainProxy - Secured GET /users/getProfile
10:24:25.730 [http-nio-8080-exec-1] DEBUG o.s.security.web.FilterChainProxy - Securing GET /users/getProfile
10:24:25.740 [http-nio-8080-exec-1] DEBUG o.s.security.web.FilterChainProxy - Secured GET /users/getProfile
10:24:25.771 [http-nio-8080-exec-6] DEBUG o.s.security.web.FilterChainProxy - Securing GET /users/getProfile
10:24:25.779 [http-nio-8080-exec-6] DEBUG o.s.security.web.FilterChainProxy - Secured GET /users/getProfile
10:24:25.786 [http-nio-8080-exec-3] DEBUG o.s.security.web.FilterChainProxy - Securing GET /users/getProfile
10:24:25.796 [http-nio-8080-exec-3] DEBUG o.s.security.web.FilterChainProxy - Secured GET /users/getProfile
10:24:33.321 [http-nio-8080-exec-10] DEBUG o.s.security.web.FilterChainProxy - Securing GET /users/getProfile
10:24:33.346 [http-nio-8080-exec-10] DEBUG o.s.security.web.FilterChainProxy - Secured GET /users/getProfile
10:24:33.358 [http-nio-8080-exec-5] DEBUG o.s.security.web.FilterChainProxy - Securing GET /users/getProfile
10:24:33.368 [http-nio-8080-exec-5] DEBUG o.s.security.web.FilterChainProxy - Secured GET /users/getProfile
10:24:33.379 [http-nio-8080-exec-7] DEBUG o.s.security.web.FilterChainProxy - Securing GET /users/getProfile
10:24:33.394 [http-nio-8080-exec-7] DEBUG o.s.security.web.FilterChainProxy - Secured GET /users/getProfile
10:24:34.896 [http-nio-8080-exec-2] DEBUG o.s.security.web.FilterChainProxy - Securing GET /users/getProfile
10:24:34.906 [http-nio-8080-exec-2] DEBUG o.s.security.web.FilterChainProxy - Secured GET /users/getProfile
10:25:00.363 [http-nio-8080-exec-8] DEBUG o.s.security.web.FilterChainProxy - Securing GET /users/getProfile
10:25:00.373 [http-nio-8080-exec-8] DEBUG o.s.security.web.FilterChainProxy - Secured GET /users/getProfile
10:25:07.259 [http-nio-8080-exec-9] DEBUG o.s.security.web.FilterChainProxy - Securing GET /users/getProfile
10:25:07.269 [http-nio-8080-exec-9] DEBUG o.s.security.web.FilterChainProxy - Secured GET /users/getProfile
10:27:33.131 [http-nio-8080-exec-6] DEBUG o.s.security.web.FilterChainProxy - Securing OPTIONS /users/getProfile
10:27:46.826 [http-nio-8080-exec-3] DEBUG o.s.security.web.FilterChainProxy - Securing GET /users/getProfile
10:27:46.834 [http-nio-8080-exec-3] DEBUG o.s.security.web.FilterChainProxy - Secured GET /users/getProfile
10:27:53.962 [SpringApplicationShutdownHook] INFO  o.s.o.j.LocalContainerEntityManagerFactoryBean - Closing JPA EntityManagerFactory for persistence unit 'default'
10:27:53.968 [SpringApplicationShutdownHook] INFO  com.zaxxer.hikari.HikariDataSource - HikariPool-1 - Shutdown initiated...
10:27:53.974 [SpringApplicationShutdownHook] INFO  com.zaxxer.hikari.HikariDataSource - HikariPool-1 - Shutdown completed.
10:27:56.012 [background-preinit] INFO  o.h.validator.internal.util.Version - HV000001: Hibernate Validator 8.0.1.Final
10:27:56.034 [main] INFO  c.example.Project.ProjectApplication - Starting ProjectApplication using Java 18.0.2 with PID 2360 (C:\Users\Nune_\OneDrive\Desktop\Project\target\classes started by Nune_ in C:\Users\Nune_\OneDrive\Desktop\Project)
10:27:56.035 [main] INFO  c.example.Project.ProjectApplication - No active profile set, falling back to 1 default profile: "default"
10:27:56.548 [main] INFO  o.s.d.r.c.RepositoryConfigurationDelegate - Bootstrapping Spring Data JPA repositories in DEFAULT mode.
10:27:56.582 [main] INFO  o.s.d.r.c.RepositoryConfigurationDelegate - Finished Spring Data repository scanning in 30 ms. Found 5 JPA repository interfaces.
10:27:57.036 [main] INFO  o.s.b.w.e.tomcat.TomcatWebServer - Tomcat initialized with port 8080 (http)
10:27:57.043 [main] INFO  o.a.coyote.http11.Http11NioProtocol - Initializing ProtocolHandler ["http-nio-8080"]
10:27:57.044 [main] INFO  o.a.catalina.core.StandardService - Starting service [Tomcat]
10:27:57.044 [main] INFO  o.a.catalina.core.StandardEngine - Starting Servlet engine: [Apache Tomcat/10.1.17]
10:27:57.084 [main] INFO  o.a.c.c.C.[Tomcat].[localhost].[/] - Initializing Spring embedded WebApplicationContext
10:27:57.084 [main] INFO  o.s.b.w.s.c.ServletWebServerApplicationContext - Root WebApplicationContext: initialization completed in 1009 ms
10:27:57.159 [main] INFO  o.h.jpa.internal.util.LogHelper - HHH000204: Processing PersistenceUnitInfo [name: default]
10:27:57.200 [main] INFO  org.hibernate.Version - HHH000412: Hibernate ORM core version 6.4.1.Final
10:27:57.243 [main] INFO  o.h.c.i.RegionFactoryInitiator - HHH000026: Second-level cache disabled
10:27:57.399 [main] INFO  o.s.o.j.p.SpringPersistenceUnitInfo - No LoadTimeWeaver setup: ignoring JPA class transformer
10:27:57.417 [main] INFO  com.zaxxer.hikari.HikariDataSource - HikariPool-1 - Starting...
10:27:57.638 [main] INFO  com.zaxxer.hikari.pool.HikariPool - HikariPool-1 - Added connection com.mysql.cj.jdbc.ConnectionImpl@6dbb3d7d
10:27:57.639 [main] INFO  com.zaxxer.hikari.HikariDataSource - HikariPool-1 - Start completed.
10:27:58.316 [main] INFO  o.h.e.t.j.p.i.JtaPlatformInitiator - HHH000489: No JTA platform available (set 'hibernate.transaction.jta.platform' to enable JTA platform integration)
10:27:58.376 [main] INFO  o.s.o.j.LocalContainerEntityManagerFactoryBean - Initialized JPA EntityManagerFactory for persistence unit 'default'
10:27:58.566 [main] INFO  o.s.d.j.r.query.QueryEnhancerFactory - Hibernate is in classpath; If applicable, HQL parser will be used.
10:27:59.083 [main] WARN  o.s.b.a.o.j.JpaBaseConfiguration$JpaWebConfiguration - spring.jpa.open-in-view is enabled by default. Therefore, database queries may be performed during view rendering. Explicitly configure spring.jpa.open-in-view to disable this warning
10:27:59.279 [main] INFO  o.s.s.web.DefaultSecurityFilterChain - Will secure any request with [org.springframework.security.web.session.DisableEncodeUrlFilter@2d63534d, org.springframework.security.web.context.request.async.WebAsyncManagerIntegrationFilter@6316b9e3, org.springframework.security.web.context.SecurityContextHolderFilter@3118ed2c, org.springframework.security.web.header.HeaderWriterFilter@2c48eb31, org.springframework.web.filter.CorsFilter@186f7553, org.springframework.security.web.authentication.logout.LogoutFilter@1b0709e7, com.example.Project.config.JwtRequestFilter@11ce61d1, org.springframework.security.web.savedrequest.RequestCacheAwareFilter@28fa0ff8, org.springframework.security.web.servletapi.SecurityContextHolderAwareRequestFilter@726e780a, org.springframework.security.web.authentication.AnonymousAuthenticationFilter@44835de9, org.springframework.security.web.session.SessionManagementFilter@6970687e, org.springframework.security.web.access.ExceptionTranslationFilter@f7a19c4, org.springframework.security.web.access.intercept.AuthorizationFilter@251d64d6]
10:27:59.468 [main] INFO  o.a.coyote.http11.Http11NioProtocol - Starting ProtocolHandler ["http-nio-8080"]
10:27:59.484 [main] INFO  o.s.b.w.e.tomcat.TomcatWebServer - Tomcat started on port 8080 (http) with context path ''
10:27:59.491 [main] INFO  c.example.Project.ProjectApplication - Started ProjectApplication in 3.706 seconds (process running for 4.829)
10:29:33.703 [http-nio-8080-exec-1] INFO  o.a.c.c.C.[Tomcat].[localhost].[/] - Initializing Spring DispatcherServlet 'dispatcherServlet'
10:29:33.703 [http-nio-8080-exec-1] INFO  o.s.web.servlet.DispatcherServlet - Initializing Servlet 'dispatcherServlet'
10:29:33.711 [http-nio-8080-exec-1] INFO  o.s.web.servlet.DispatcherServlet - Completed initialization in 7 ms
10:29:33.726 [http-nio-8080-exec-1] DEBUG o.s.security.web.FilterChainProxy - Securing OPTIONS /register
10:29:33.744 [http-nio-8080-exec-2] DEBUG o.s.security.web.FilterChainProxy - Securing POST /register
10:29:33.744 [http-nio-8080-exec-2] WARN  c.e.Project.config.JwtRequestFilter - JWT Token does not begin with Bearer String
10:29:33.749 [http-nio-8080-exec-2] DEBUG o.s.s.w.a.AnonymousAuthenticationFilter - Set SecurityContextHolder to anonymous SecurityContext
10:29:33.751 [http-nio-8080-exec-2] DEBUG o.s.security.web.FilterChainProxy - Secured POST /register
10:29:33.828 [http-nio-8080-exec-2] INFO  c.e.P.c.RegistrationController - Received registration request for user with email: nunekarapetyan59@gmail.com
10:29:33.828 [http-nio-8080-exec-2] INFO  c.e.P.service.RegistrationService - Registering user with email: nunekarapetyan59@gmail.com
10:29:33.828 [http-nio-8080-exec-2] INFO  c.e.P.service.RegistrationService - Password is strong!
10:29:37.629 [http-nio-8080-exec-2] INFO  c.e.P.service.RegistrationService - Confirmation Token: ddd8a510-10b3-4d50-989f-039eb97c6b1b
10:29:37.629 [http-nio-8080-exec-2] INFO  c.e.P.c.RegistrationController - Registration result: Verify email by the link sent on your email address
10:29:42.576 [http-nio-8080-exec-3] DEBUG o.s.security.web.FilterChainProxy - Securing GET /confirm-account?token=ddd8a510-10b3-4d50-989f-039eb97c6b1b
10:29:42.576 [http-nio-8080-exec-3] WARN  c.e.Project.config.JwtRequestFilter - JWT Token does not begin with Bearer String
10:29:42.577 [http-nio-8080-exec-3] DEBUG o.s.s.w.a.AnonymousAuthenticationFilter - Set SecurityContextHolder to anonymous SecurityContext
10:29:42.577 [http-nio-8080-exec-3] DEBUG o.s.security.web.FilterChainProxy - Secured GET /confirm-account?token=ddd8a510-10b3-4d50-989f-039eb97c6b1b
10:29:42.582 [http-nio-8080-exec-3] INFO  c.e.P.c.RegistrationController - Received confirmation token: ddd8a510-10b3-4d50-989f-039eb97c6b1b
10:29:42.610 [http-nio-8080-exec-3] INFO  c.e.P.c.RegistrationController - Confirmation result: success
10:29:42.635 [http-nio-8080-exec-4] DEBUG o.s.security.web.FilterChainProxy - Securing GET /success
10:29:42.636 [http-nio-8080-exec-4] WARN  c.e.Project.config.JwtRequestFilter - JWT Token does not begin with Bearer String
10:29:42.636 [http-nio-8080-exec-4] DEBUG o.s.s.w.a.AnonymousAuthenticationFilter - Set SecurityContextHolder to anonymous SecurityContext
10:29:42.636 [http-nio-8080-exec-4] DEBUG o.s.security.web.FilterChainProxy - Secured GET /success
10:29:42.877 [http-nio-8080-exec-5] DEBUG o.s.security.web.FilterChainProxy - Securing GET /favicon.ico
10:29:42.877 [http-nio-8080-exec-5] WARN  c.e.Project.config.JwtRequestFilter - JWT Token does not begin with Bearer String
10:29:42.877 [http-nio-8080-exec-5] DEBUG o.s.s.w.a.AnonymousAuthenticationFilter - Set SecurityContextHolder to anonymous SecurityContext
10:29:42.885 [http-nio-8080-exec-5] DEBUG o.s.security.web.FilterChainProxy - Securing GET /error
10:29:42.885 [http-nio-8080-exec-5] DEBUG o.s.s.w.a.AnonymousAuthenticationFilter - Set SecurityContextHolder to anonymous SecurityContext
10:29:59.060 [http-nio-8080-exec-6] DEBUG o.s.security.web.FilterChainProxy - Securing POST /authenticate
10:29:59.061 [http-nio-8080-exec-6] WARN  c.e.Project.config.JwtRequestFilter - JWT Token does not begin with Bearer String
10:29:59.061 [http-nio-8080-exec-6] DEBUG o.s.s.w.a.AnonymousAuthenticationFilter - Set SecurityContextHolder to anonymous SecurityContext
10:29:59.061 [http-nio-8080-exec-6] DEBUG o.s.security.web.FilterChainProxy - Secured POST /authenticate
10:29:59.260 [http-nio-8080-exec-6] DEBUG o.s.s.a.d.DaoAuthenticationProvider - Authenticated user
10:30:00.714 [http-nio-8080-exec-7] DEBUG o.s.security.web.FilterChainProxy - Securing GET /users/getProfile
10:30:00.787 [http-nio-8080-exec-7] DEBUG o.s.security.web.FilterChainProxy - Secured GET /users/getProfile
10:36:36.316 [http-nio-8080-exec-1] DEBUG o.s.security.web.FilterChainProxy - Securing POST /authenticate
10:36:36.319 [http-nio-8080-exec-1] WARN  c.e.Project.config.JwtRequestFilter - JWT Token does not begin with Bearer String
10:36:36.319 [http-nio-8080-exec-1] DEBUG o.s.s.w.a.AnonymousAuthenticationFilter - Set SecurityContextHolder to anonymous SecurityContext
10:36:36.319 [http-nio-8080-exec-1] DEBUG o.s.security.web.FilterChainProxy - Secured POST /authenticate
10:36:36.419 [http-nio-8080-exec-1] DEBUG o.s.s.a.d.DaoAuthenticationProvider - Authenticated user
10:37:25.949 [http-nio-8080-exec-2] DEBUG o.s.security.web.FilterChainProxy - Securing GET /users/getProfile
10:37:25.957 [http-nio-8080-exec-2] DEBUG o.s.security.web.FilterChainProxy - Secured GET /users/getProfile
10:37:26.906 [http-nio-8080-exec-3] DEBUG o.s.security.web.FilterChainProxy - Securing GET /users/getProfile
10:37:26.914 [http-nio-8080-exec-3] DEBUG o.s.security.web.FilterChainProxy - Secured GET /users/getProfile
10:37:27.090 [http-nio-8080-exec-4] DEBUG o.s.security.web.FilterChainProxy - Securing GET /users/getProfile
10:37:27.098 [http-nio-8080-exec-4] DEBUG o.s.security.web.FilterChainProxy - Secured GET /users/getProfile
10:37:27.277 [http-nio-8080-exec-5] DEBUG o.s.security.web.FilterChainProxy - Securing GET /users/getProfile
10:37:27.289 [http-nio-8080-exec-5] DEBUG o.s.security.web.FilterChainProxy - Secured GET /users/getProfile
10:37:27.446 [http-nio-8080-exec-6] DEBUG o.s.security.web.FilterChainProxy - Securing GET /users/getProfile
10:37:27.456 [http-nio-8080-exec-6] DEBUG o.s.security.web.FilterChainProxy - Secured GET /users/getProfile
10:37:27.618 [http-nio-8080-exec-7] DEBUG o.s.security.web.FilterChainProxy - Securing GET /users/getProfile
10:37:27.630 [http-nio-8080-exec-7] DEBUG o.s.security.web.FilterChainProxy - Secured GET /users/getProfile
10:37:49.914 [http-nio-8080-exec-8] DEBUG o.s.security.web.FilterChainProxy - Securing OPTIONS /users/getProfile
10:38:07.002 [http-nio-8080-exec-9] DEBUG o.s.security.web.FilterChainProxy - Securing GET /users/getProfile
10:38:07.011 [http-nio-8080-exec-9] DEBUG o.s.security.web.FilterChainProxy - Secured GET /users/getProfile
10:38:07.758 [http-nio-8080-exec-10] DEBUG o.s.security.web.FilterChainProxy - Securing GET /users/getProfile
10:38:07.768 [http-nio-8080-exec-10] DEBUG o.s.security.web.FilterChainProxy - Secured GET /users/getProfile
10:38:07.951 [http-nio-8080-exec-1] DEBUG o.s.security.web.FilterChainProxy - Securing GET /users/getProfile
10:38:07.961 [http-nio-8080-exec-1] DEBUG o.s.security.web.FilterChainProxy - Secured GET /users/getProfile
11:06:26.816 [HikariPool-1 housekeeper] WARN  com.zaxxer.hikari.pool.HikariPool - HikariPool-1 - Thread starvation or clock leap detected (housekeeper delta=14m28s743ms900ns).
11:25:07.247 [HikariPool-1 housekeeper] WARN  com.zaxxer.hikari.pool.HikariPool - HikariPool-1 - Thread starvation or clock leap detected (housekeeper delta=1m40s151ms114µs800ns).
13:20:43.644 [HikariPool-1 housekeeper] WARN  com.zaxxer.hikari.pool.HikariPool - HikariPool-1 - Thread starvation or clock leap detected (housekeeper delta=1h53m36s347ms519µs600ns).
14:15:14.694 [HikariPool-1 housekeeper] WARN  com.zaxxer.hikari.pool.HikariPool - HikariPool-1 - Thread starvation or clock leap detected (housekeeper delta=5m30s299ms711µs300ns).
14:18:06.308 [HikariPool-1 housekeeper] WARN  com.zaxxer.hikari.pool.HikariPool - HikariPool-1 - Thread starvation or clock leap detected (housekeeper delta=2m51s614ms784µs400ns).
14:20:34.982 [SpringApplicationShutdownHook] INFO  o.s.o.j.LocalContainerEntityManagerFactoryBean - Closing JPA EntityManagerFactory for persistence unit 'default'
14:20:35.005 [SpringApplicationShutdownHook] INFO  com.zaxxer.hikari.HikariDataSource - HikariPool-1 - Shutdown initiated...
14:20:35.013 [SpringApplicationShutdownHook] INFO  com.zaxxer.hikari.HikariDataSource - HikariPool-1 - Shutdown completed.
