18:24:08.562 [HikariPool-1 housekeeper] WARN  com.zaxxer.hikari.pool.HikariPool - HikariPool-1 - Thread starvation or clock leap detected (housekeeper delta=19h45m14s377ms119µs500ns).
18:33:18.849 [HikariPool-1 housekeeper] WARN  com.zaxxer.hikari.pool.HikariPool - HikariPool-1 - Thread starvation or clock leap detected (housekeeper delta=1m43s50ms71µs900ns).
19:11:32.595 [HikariPool-1 housekeeper] WARN  com.zaxxer.hikari.pool.HikariPool - HikariPool-1 - Thread starvation or clock leap detected (housekeeper delta=2m13s312ms712µs600ns).
20:26:27.334 [HikariPool-1 housekeeper] WARN  com.zaxxer.hikari.pool.HikariPool - HikariPool-1 - Thread starvation or clock leap detected (housekeeper delta=32m54s131ms22µs400ns).
20:54:47.762 [http-nio-8080-exec-3] INFO  o.a.c.c.C.[Tomcat].[localhost].[/] - Initializing Spring DispatcherServlet 'dispatcherServlet'
20:54:47.763 [http-nio-8080-exec-3] INFO  o.s.web.servlet.DispatcherServlet - Initializing Servlet 'dispatcherServlet'
20:54:47.800 [http-nio-8080-exec-3] INFO  o.s.web.servlet.DispatcherServlet - Completed initialization in 36 ms
20:54:47.825 [http-nio-8080-exec-3] DEBUG o.s.security.web.FilterChainProxy - Securing OPTIONS /users/getProfile
20:54:47.851 [http-nio-8080-exec-1] DEBUG o.s.security.web.FilterChainProxy - Securing GET /users/getProfile
20:54:48.057 [http-nio-8080-exec-1] DEBUG o.s.s.w.a.AnonymousAuthenticationFilter - Set SecurityContextHolder to anonymous SecurityContext
20:54:48.064 [http-nio-8080-exec-1] DEBUG o.s.security.web.FilterChainProxy - Securing GET /error
20:54:48.064 [http-nio-8080-exec-1] DEBUG o.s.s.w.a.AnonymousAuthenticationFilter - Set SecurityContextHolder to anonymous SecurityContext
20:55:01.610 [http-nio-8080-exec-9] DEBUG o.s.security.web.FilterChainProxy - Securing OPTIONS /authenticate
20:55:01.613 [http-nio-8080-exec-6] DEBUG o.s.security.web.FilterChainProxy - Securing POST /authenticate
20:55:01.614 [http-nio-8080-exec-6] WARN  c.e.Project.config.JwtRequestFilter - JWT Token does not begin with Bearer String
20:55:01.614 [http-nio-8080-exec-6] DEBUG o.s.s.w.a.AnonymousAuthenticationFilter - Set SecurityContextHolder to anonymous SecurityContext
20:55:01.615 [http-nio-8080-exec-6] DEBUG o.s.security.web.FilterChainProxy - Secured POST /authenticate
20:55:01.906 [http-nio-8080-exec-6] DEBUG o.s.s.a.d.DaoAuthenticationProvider - Authenticated user
20:55:04.733 [http-nio-8080-exec-5] DEBUG o.s.security.web.FilterChainProxy - Securing GET /users/getProfile
20:55:04.748 [http-nio-8080-exec-5] DEBUG o.s.security.web.FilterChainProxy - Secured GET /users/getProfile
20:55:20.969 [http-nio-8080-exec-4] DEBUG o.s.security.web.FilterChainProxy - Securing GET /users/getProfile
20:55:20.985 [http-nio-8080-exec-4] DEBUG o.s.security.web.FilterChainProxy - Secured GET /users/getProfile
20:58:04.459 [SpringApplicationShutdownHook] INFO  o.s.o.j.LocalContainerEntityManagerFactoryBean - Closing JPA EntityManagerFactory for persistence unit 'default'
20:58:04.461 [SpringApplicationShutdownHook] INFO  com.zaxxer.hikari.HikariDataSource - HikariPool-1 - Shutdown initiated...
20:58:04.465 [SpringApplicationShutdownHook] INFO  com.zaxxer.hikari.HikariDataSource - HikariPool-1 - Shutdown completed.
21:10:51.432 [background-preinit] INFO  o.h.validator.internal.util.Version - HV000001: Hibernate Validator 8.0.1.Final
21:10:51.459 [main] INFO  c.example.Project.ProjectApplication - Starting ProjectApplication using Java 18.0.2 with PID 29212 (C:\Users\Nune_\OneDrive\Desktop\Project\target\classes started by Nune_ in C:\Users\Nune_\OneDrive\Desktop\Project)
21:10:51.460 [main] INFO  c.example.Project.ProjectApplication - No active profile set, falling back to 1 default profile: "default"
21:10:52.117 [main] INFO  o.s.d.r.c.RepositoryConfigurationDelegate - Bootstrapping Spring Data JPA repositories in DEFAULT mode.
21:10:52.152 [main] INFO  o.s.d.r.c.RepositoryConfigurationDelegate - Finished Spring Data repository scanning in 30 ms. Found 6 JPA repository interfaces.
21:10:52.595 [main] INFO  o.s.b.w.e.tomcat.TomcatWebServer - Tomcat initialized with port 8080 (http)
21:10:52.602 [main] INFO  o.a.coyote.http11.Http11NioProtocol - Initializing ProtocolHandler ["http-nio-8080"]
21:10:52.602 [main] INFO  o.a.catalina.core.StandardService - Starting service [Tomcat]
21:10:52.603 [main] INFO  o.a.catalina.core.StandardEngine - Starting Servlet engine: [Apache Tomcat/10.1.17]
21:10:52.640 [main] INFO  o.a.c.c.C.[Tomcat].[localhost].[/] - Initializing Spring embedded WebApplicationContext
21:10:52.640 [main] INFO  o.s.b.w.s.c.ServletWebServerApplicationContext - Root WebApplicationContext: initialization completed in 1143 ms
21:10:52.714 [main] INFO  o.h.jpa.internal.util.LogHelper - HHH000204: Processing PersistenceUnitInfo [name: default]
21:10:52.754 [main] INFO  org.hibernate.Version - HHH000412: Hibernate ORM core version 6.4.1.Final
21:10:52.791 [main] INFO  o.h.c.i.RegionFactoryInitiator - HHH000026: Second-level cache disabled
21:10:52.966 [main] INFO  o.s.o.j.p.SpringPersistenceUnitInfo - No LoadTimeWeaver setup: ignoring JPA class transformer
21:10:52.983 [main] INFO  com.zaxxer.hikari.HikariDataSource - HikariPool-1 - Starting...
21:10:53.207 [main] INFO  com.zaxxer.hikari.pool.HikariPool - HikariPool-1 - Added connection com.mysql.cj.jdbc.ConnectionImpl@4c13ca07
21:10:53.208 [main] INFO  com.zaxxer.hikari.HikariDataSource - HikariPool-1 - Start completed.
21:10:53.932 [main] INFO  o.h.e.t.j.p.i.JtaPlatformInitiator - HHH000489: No JTA platform available (set 'hibernate.transaction.jta.platform' to enable JTA platform integration)
21:10:53.987 [main] INFO  o.s.o.j.LocalContainerEntityManagerFactoryBean - Initialized JPA EntityManagerFactory for persistence unit 'default'
21:10:54.170 [main] INFO  o.s.d.j.r.query.QueryEnhancerFactory - Hibernate is in classpath; If applicable, HQL parser will be used.
21:10:54.673 [main] WARN  o.s.b.a.o.j.JpaBaseConfiguration$JpaWebConfiguration - spring.jpa.open-in-view is enabled by default. Therefore, database queries may be performed during view rendering. Explicitly configure spring.jpa.open-in-view to disable this warning
21:10:54.819 [main] INFO  o.s.s.web.DefaultSecurityFilterChain - Will secure any request with [org.springframework.security.web.session.DisableEncodeUrlFilter@656dc20f, org.springframework.security.web.context.request.async.WebAsyncManagerIntegrationFilter@4a6c33a0, org.springframework.security.web.context.SecurityContextHolderFilter@5876cd86, org.springframework.security.web.header.HeaderWriterFilter@b31cd6b, org.springframework.web.filter.CorsFilter@37b0a724, org.springframework.security.web.authentication.logout.LogoutFilter@27449f65, com.example.Project.config.JwtRequestFilter@753248f8, org.springframework.security.web.savedrequest.RequestCacheAwareFilter@3d70dab8, org.springframework.security.web.servletapi.SecurityContextHolderAwareRequestFilter@53e6c017, org.springframework.security.web.authentication.AnonymousAuthenticationFilter@36d1ac55, org.springframework.security.web.session.SessionManagementFilter@2c332922, org.springframework.security.web.access.ExceptionTranslationFilter@28cfbcc, org.springframework.security.web.access.intercept.AuthorizationFilter@2df05bd1]
21:10:55.019 [main] INFO  o.a.coyote.http11.Http11NioProtocol - Starting ProtocolHandler ["http-nio-8080"]
21:10:55.031 [main] INFO  o.s.b.w.e.tomcat.TomcatWebServer - Tomcat started on port 8080 (http) with context path ''
21:10:55.037 [main] INFO  c.example.Project.ProjectApplication - Started ProjectApplication in 3.833 seconds (process running for 4.322)
21:11:04.035 [http-nio-8080-exec-1] INFO  o.a.c.c.C.[Tomcat].[localhost].[/] - Initializing Spring DispatcherServlet 'dispatcherServlet'
21:11:04.036 [http-nio-8080-exec-1] INFO  o.s.web.servlet.DispatcherServlet - Initializing Servlet 'dispatcherServlet'
21:11:04.037 [http-nio-8080-exec-1] INFO  o.s.web.servlet.DispatcherServlet - Completed initialization in 1 ms
21:11:04.050 [http-nio-8080-exec-1] DEBUG o.s.security.web.FilterChainProxy - Securing GET /users/getProfile
21:11:04.166 [http-nio-8080-exec-1] DEBUG o.s.security.web.FilterChainProxy - Secured GET /users/getProfile
21:11:13.184 [http-nio-8080-exec-2] DEBUG o.s.security.web.FilterChainProxy - Securing POST /authenticate
21:11:13.185 [http-nio-8080-exec-2] WARN  c.e.Project.config.JwtRequestFilter - JWT Token does not begin with Bearer String
21:11:13.186 [http-nio-8080-exec-2] DEBUG o.s.s.w.a.AnonymousAuthenticationFilter - Set SecurityContextHolder to anonymous SecurityContext
21:11:13.186 [http-nio-8080-exec-2] DEBUG o.s.security.web.FilterChainProxy - Secured POST /authenticate
21:11:13.471 [http-nio-8080-exec-2] DEBUG o.s.s.a.d.DaoAuthenticationProvider - Authenticated user
21:11:17.417 [http-nio-8080-exec-3] DEBUG o.s.security.web.FilterChainProxy - Securing GET /users/getProfile
21:11:17.433 [http-nio-8080-exec-3] DEBUG o.s.security.web.FilterChainProxy - Secured GET /users/getProfile
21:11:22.363 [http-nio-8080-exec-7] DEBUG o.s.security.web.FilterChainProxy - Securing OPTIONS /users/delete-session?sessionId=17
21:11:22.366 [http-nio-8080-exec-4] DEBUG o.s.security.web.FilterChainProxy - Securing PUT /users/delete-session?sessionId=17
21:11:22.375 [http-nio-8080-exec-4] DEBUG o.s.security.web.FilterChainProxy - Secured PUT /users/delete-session?sessionId=17
21:11:22.395 [http-nio-8080-exec-8] DEBUG o.s.security.web.FilterChainProxy - Securing GET /users/getProfile
21:11:22.399 [http-nio-8080-exec-8] ERROR o.a.c.c.C.[.[.[.[dispatcherServlet] - Servlet.service() for servlet [dispatcherServlet] in context with path [] threw exception [session was deleted please login again] with root cause
jakarta.servlet.ServletException: session was deleted please login again
	at com.example.Project.config.JwtRequestFilter.doFilterInternal(JwtRequestFilter.java:59)
	at org.springframework.web.filter.OncePerRequestFilter.doFilter(OncePerRequestFilter.java:116)
	at org.springframework.security.web.FilterChainProxy$VirtualFilterChain.doFilter(FilterChainProxy.java:374)
	at org.springframework.security.web.authentication.logout.LogoutFilter.doFilter(LogoutFilter.java:107)
	at org.springframework.security.web.authentication.logout.LogoutFilter.doFilter(LogoutFilter.java:93)
	at org.springframework.security.web.FilterChainProxy$VirtualFilterChain.doFilter(FilterChainProxy.java:374)
	at org.springframework.web.filter.CorsFilter.doFilterInternal(CorsFilter.java:91)
	at org.springframework.web.filter.OncePerRequestFilter.doFilter(OncePerRequestFilter.java:116)
	at org.springframework.security.web.FilterChainProxy$VirtualFilterChain.doFilter(FilterChainProxy.java:374)
	at org.springframework.security.web.header.HeaderWriterFilter.doHeadersAfter(HeaderWriterFilter.java:90)
	at org.springframework.security.web.header.HeaderWriterFilter.doFilterInternal(HeaderWriterFilter.java:75)
	at org.springframework.web.filter.OncePerRequestFilter.doFilter(OncePerRequestFilter.java:116)
	at org.springframework.security.web.FilterChainProxy$VirtualFilterChain.doFilter(FilterChainProxy.java:374)
	at org.springframework.security.web.context.SecurityContextHolderFilter.doFilter(SecurityContextHolderFilter.java:82)
	at org.springframework.security.web.context.SecurityContextHolderFilter.doFilter(SecurityContextHolderFilter.java:69)
	at org.springframework.security.web.FilterChainProxy$VirtualFilterChain.doFilter(FilterChainProxy.java:374)
	at org.springframework.security.web.context.request.async.WebAsyncManagerIntegrationFilter.doFilterInternal(WebAsyncManagerIntegrationFilter.java:62)
	at org.springframework.web.filter.OncePerRequestFilter.doFilter(OncePerRequestFilter.java:116)
	at org.springframework.security.web.FilterChainProxy$VirtualFilterChain.doFilter(FilterChainProxy.java:374)
	at org.springframework.security.web.session.DisableEncodeUrlFilter.doFilterInternal(DisableEncodeUrlFilter.java:42)
	at org.springframework.web.filter.OncePerRequestFilter.doFilter(OncePerRequestFilter.java:116)
	at org.springframework.security.web.FilterChainProxy$VirtualFilterChain.doFilter(FilterChainProxy.java:374)
	at org.springframework.security.web.FilterChainProxy.doFilterInternal(FilterChainProxy.java:233)
	at org.springframework.security.web.FilterChainProxy.doFilter(FilterChainProxy.java:191)
	at org.springframework.web.filter.CompositeFilter$VirtualFilterChain.doFilter(CompositeFilter.java:113)
	at org.springframework.web.servlet.handler.HandlerMappingIntrospector.lambda$createCacheFilter$3(HandlerMappingIntrospector.java:195)
	at org.springframework.web.filter.CompositeFilter$VirtualFilterChain.doFilter(CompositeFilter.java:113)
	at org.springframework.web.filter.CompositeFilter.doFilter(CompositeFilter.java:74)
	at org.springframework.security.config.annotation.web.configuration.WebMvcSecurityConfiguration$CompositeFilterChainProxy.doFilter(WebMvcSecurityConfiguration.java:225)
	at org.springframework.web.filter.DelegatingFilterProxy.invokeDelegate(DelegatingFilterProxy.java:352)
	at org.springframework.web.filter.DelegatingFilterProxy.doFilter(DelegatingFilterProxy.java:268)
	at org.apache.catalina.core.ApplicationFilterChain.internalDoFilter(ApplicationFilterChain.java:174)
	at org.apache.catalina.core.ApplicationFilterChain.doFilter(ApplicationFilterChain.java:149)
	at org.springframework.web.filter.FormContentFilter.doFilterInternal(FormContentFilter.java:93)
	at org.springframework.web.filter.OncePerRequestFilter.doFilter(OncePerRequestFilter.java:116)
	at org.apache.catalina.core.ApplicationFilterChain.internalDoFilter(ApplicationFilterChain.java:174)
	at org.apache.catalina.core.ApplicationFilterChain.doFilter(ApplicationFilterChain.java:149)
	at org.springframework.web.filter.CharacterEncodingFilter.doFilterInternal(CharacterEncodingFilter.java:201)
	at org.springframework.web.filter.OncePerRequestFilter.doFilter(OncePerRequestFilter.java:116)
	at org.apache.catalina.core.ApplicationFilterChain.internalDoFilter(ApplicationFilterChain.java:174)
	at org.apache.catalina.core.ApplicationFilterChain.doFilter(ApplicationFilterChain.java:149)
	at org.apache.catalina.core.StandardWrapperValve.invoke(StandardWrapperValve.java:167)
	at org.apache.catalina.core.StandardContextValve.invoke(StandardContextValve.java:90)
	at org.apache.catalina.authenticator.AuthenticatorBase.invoke(AuthenticatorBase.java:482)
	at org.apache.catalina.core.StandardHostValve.invoke(StandardHostValve.java:115)
	at org.apache.catalina.valves.ErrorReportValve.invoke(ErrorReportValve.java:93)
	at org.apache.catalina.core.StandardEngineValve.invoke(StandardEngineValve.java:74)
	at org.apache.catalina.connector.CoyoteAdapter.service(CoyoteAdapter.java:340)
	at org.apache.coyote.http11.Http11Processor.service(Http11Processor.java:391)
	at org.apache.coyote.AbstractProcessorLight.process(AbstractProcessorLight.java:63)
	at org.apache.coyote.AbstractProtocol$ConnectionHandler.process(AbstractProtocol.java:896)
	at org.apache.tomcat.util.net.NioEndpoint$SocketProcessor.doRun(NioEndpoint.java:1744)
	at org.apache.tomcat.util.net.SocketProcessorBase.run(SocketProcessorBase.java:52)
	at org.apache.tomcat.util.threads.ThreadPoolExecutor.runWorker(ThreadPoolExecutor.java:1191)
	at org.apache.tomcat.util.threads.ThreadPoolExecutor$Worker.run(ThreadPoolExecutor.java:659)
	at org.apache.tomcat.util.threads.TaskThread$WrappingRunnable.run(TaskThread.java:61)
	at java.base/java.lang.Thread.run(Thread.java:833)
21:11:22.405 [http-nio-8080-exec-8] DEBUG o.s.security.web.FilterChainProxy - Securing GET /error
21:11:22.407 [http-nio-8080-exec-8] DEBUG o.s.s.w.a.AnonymousAuthenticationFilter - Set SecurityContextHolder to anonymous SecurityContext
21:12:10.931 [SpringApplicationShutdownHook] INFO  o.s.o.j.LocalContainerEntityManagerFactoryBean - Closing JPA EntityManagerFactory for persistence unit 'default'
21:12:10.932 [SpringApplicationShutdownHook] INFO  com.zaxxer.hikari.HikariDataSource - HikariPool-1 - Shutdown initiated...
21:12:10.936 [SpringApplicationShutdownHook] INFO  com.zaxxer.hikari.HikariDataSource - HikariPool-1 - Shutdown completed.
21:12:56.368 [background-preinit] INFO  o.h.validator.internal.util.Version - HV000001: Hibernate Validator 8.0.1.Final
21:12:56.403 [main] INFO  c.example.Project.ProjectApplication - Starting ProjectApplication using Java 18.0.2 with PID 15620 (C:\Users\Nune_\OneDrive\Desktop\Project\target\classes started by Nune_ in C:\Users\Nune_\OneDrive\Desktop\Project)
21:12:56.404 [main] INFO  c.example.Project.ProjectApplication - No active profile set, falling back to 1 default profile: "default"
21:12:56.797 [main] INFO  o.s.d.r.c.RepositoryConfigurationDelegate - Bootstrapping Spring Data JPA repositories in DEFAULT mode.
21:12:56.832 [main] INFO  o.s.d.r.c.RepositoryConfigurationDelegate - Finished Spring Data repository scanning in 30 ms. Found 6 JPA repository interfaces.
21:12:57.273 [main] INFO  o.s.b.w.e.tomcat.TomcatWebServer - Tomcat initialized with port 8080 (http)
21:12:57.279 [main] INFO  o.a.coyote.http11.Http11NioProtocol - Initializing ProtocolHandler ["http-nio-8080"]
21:12:57.280 [main] INFO  o.a.catalina.core.StandardService - Starting service [Tomcat]
21:12:57.281 [main] INFO  o.a.catalina.core.StandardEngine - Starting Servlet engine: [Apache Tomcat/10.1.17]
21:12:57.317 [main] INFO  o.a.c.c.C.[Tomcat].[localhost].[/] - Initializing Spring embedded WebApplicationContext
21:12:57.318 [main] INFO  o.s.b.w.s.c.ServletWebServerApplicationContext - Root WebApplicationContext: initialization completed in 872 ms
21:12:57.388 [main] INFO  o.h.jpa.internal.util.LogHelper - HHH000204: Processing PersistenceUnitInfo [name: default]
21:12:57.415 [main] INFO  org.hibernate.Version - HHH000412: Hibernate ORM core version 6.4.1.Final
21:12:57.441 [main] INFO  o.h.c.i.RegionFactoryInitiator - HHH000026: Second-level cache disabled
21:12:57.611 [main] INFO  o.s.o.j.p.SpringPersistenceUnitInfo - No LoadTimeWeaver setup: ignoring JPA class transformer
21:12:57.645 [main] INFO  com.zaxxer.hikari.HikariDataSource - HikariPool-1 - Starting...
21:12:57.845 [main] INFO  com.zaxxer.hikari.pool.HikariPool - HikariPool-1 - Added connection com.mysql.cj.jdbc.ConnectionImpl@4cef0747
21:12:57.848 [main] INFO  com.zaxxer.hikari.HikariDataSource - HikariPool-1 - Start completed.
21:12:58.511 [main] INFO  o.h.e.t.j.p.i.JtaPlatformInitiator - HHH000489: No JTA platform available (set 'hibernate.transaction.jta.platform' to enable JTA platform integration)
21:12:58.898 [main] INFO  o.s.o.j.LocalContainerEntityManagerFactoryBean - Initialized JPA EntityManagerFactory for persistence unit 'default'
21:12:59.053 [main] INFO  o.s.d.j.r.query.QueryEnhancerFactory - Hibernate is in classpath; If applicable, HQL parser will be used.
21:12:59.522 [main] WARN  o.s.b.a.o.j.JpaBaseConfiguration$JpaWebConfiguration - spring.jpa.open-in-view is enabled by default. Therefore, database queries may be performed during view rendering. Explicitly configure spring.jpa.open-in-view to disable this warning
21:12:59.663 [main] INFO  o.s.s.web.DefaultSecurityFilterChain - Will secure any request with [org.springframework.security.web.session.DisableEncodeUrlFilter@1285ec6, org.springframework.security.web.context.request.async.WebAsyncManagerIntegrationFilter@2abe5132, org.springframework.security.web.context.SecurityContextHolderFilter@7ba5d307, org.springframework.security.web.header.HeaderWriterFilter@38cd7531, org.springframework.web.filter.CorsFilter@12fbc568, org.springframework.security.web.authentication.logout.LogoutFilter@19a2b224, com.example.Project.config.JwtRequestFilter@1106a9cc, org.springframework.security.web.savedrequest.RequestCacheAwareFilter@4a28b6d0, org.springframework.security.web.servletapi.SecurityContextHolderAwareRequestFilter@3d28c0af, org.springframework.security.web.authentication.AnonymousAuthenticationFilter@3dd2a70d, org.springframework.security.web.session.SessionManagementFilter@446dbf7b, org.springframework.security.web.access.ExceptionTranslationFilter@63c6579, org.springframework.security.web.access.intercept.AuthorizationFilter@7eeabaf3]
21:12:59.866 [main] INFO  o.a.coyote.http11.Http11NioProtocol - Starting ProtocolHandler ["http-nio-8080"]
21:12:59.877 [main] INFO  o.s.b.w.e.tomcat.TomcatWebServer - Tomcat started on port 8080 (http) with context path ''
21:12:59.884 [main] INFO  c.example.Project.ProjectApplication - Started ProjectApplication in 3.723 seconds (process running for 4.137)
21:17:11.548 [http-nio-8080-exec-1] INFO  o.a.c.c.C.[Tomcat].[localhost].[/] - Initializing Spring DispatcherServlet 'dispatcherServlet'
21:17:11.548 [http-nio-8080-exec-1] INFO  o.s.web.servlet.DispatcherServlet - Initializing Servlet 'dispatcherServlet'
21:17:11.556 [http-nio-8080-exec-1] INFO  o.s.web.servlet.DispatcherServlet - Completed initialization in 1 ms
21:17:11.566 [http-nio-8080-exec-1] DEBUG o.s.security.web.FilterChainProxy - Securing OPTIONS /register
21:17:11.590 [http-nio-8080-exec-9] DEBUG o.s.security.web.FilterChainProxy - Securing POST /register
21:17:11.590 [http-nio-8080-exec-9] WARN  c.e.Project.config.JwtRequestFilter - JWT Token does not begin with Bearer String
21:17:11.590 [http-nio-8080-exec-9] DEBUG o.s.s.w.a.AnonymousAuthenticationFilter - Set SecurityContextHolder to anonymous SecurityContext
21:17:11.596 [http-nio-8080-exec-9] DEBUG o.s.security.web.FilterChainProxy - Secured POST /register
21:17:11.681 [http-nio-8080-exec-9] INFO  c.e.P.c.RegistrationController - Received registration request for user with email: nunkarapetyan1@gmail.com
21:17:11.681 [http-nio-8080-exec-9] INFO  c.e.P.service.RegistrationService - Registering user with email: nunkarapetyan1@gmail.com
21:17:11.681 [http-nio-8080-exec-9] INFO  c.e.P.service.RegistrationService - Password is strong!
21:17:11.817 [http-nio-8080-exec-9] ERROR o.a.c.c.C.[.[.[.[dispatcherServlet] - Servlet.service() for servlet [dispatcherServlet] in context with path [] threw exception [Request processing failed: java.lang.RuntimeException: Role not found] with root cause
java.lang.RuntimeException: Role not found
	at com.example.Project.service.RegistrationService.lambda$registerUser$0(RegistrationService.java:78)
	at java.base/java.util.Optional.orElseThrow(Optional.java:403)
	at com.example.Project.service.RegistrationService.registerUser(RegistrationService.java:78)
	at com.example.Project.controller.RegistrationController.registerUser(RegistrationController.java:31)
	at java.base/jdk.internal.reflect.DirectMethodHandleAccessor.invoke(DirectMethodHandleAccessor.java:104)
	at java.base/java.lang.reflect.Method.invoke(Method.java:577)
	at org.springframework.web.method.support.InvocableHandlerMethod.doInvoke(InvocableHandlerMethod.java:262)
	at org.springframework.web.method.support.InvocableHandlerMethod.invokeForRequest(InvocableHandlerMethod.java:190)
	at org.springframework.web.servlet.mvc.method.annotation.ServletInvocableHandlerMethod.invokeAndHandle(ServletInvocableHandlerMethod.java:118)
	at org.springframework.web.servlet.mvc.method.annotation.RequestMappingHandlerAdapter.invokeHandlerMethod(RequestMappingHandlerAdapter.java:917)
	at org.springframework.web.servlet.mvc.method.annotation.RequestMappingHandlerAdapter.handleInternal(RequestMappingHandlerAdapter.java:829)
	at org.springframework.web.servlet.mvc.method.AbstractHandlerMethodAdapter.handle(AbstractHandlerMethodAdapter.java:87)
	at org.springframework.web.servlet.DispatcherServlet.doDispatch(DispatcherServlet.java:1089)
	at org.springframework.web.servlet.DispatcherServlet.doService(DispatcherServlet.java:979)
	at org.springframework.web.servlet.FrameworkServlet.processRequest(FrameworkServlet.java:1014)
	at org.springframework.web.servlet.FrameworkServlet.doPost(FrameworkServlet.java:914)
	at jakarta.servlet.http.HttpServlet.service(HttpServlet.java:590)
	at org.springframework.web.servlet.FrameworkServlet.service(FrameworkServlet.java:885)
	at jakarta.servlet.http.HttpServlet.service(HttpServlet.java:658)
	at org.apache.catalina.core.ApplicationFilterChain.internalDoFilter(ApplicationFilterChain.java:205)
	at org.apache.catalina.core.ApplicationFilterChain.doFilter(ApplicationFilterChain.java:149)
	at org.apache.tomcat.websocket.server.WsFilter.doFilter(WsFilter.java:51)
	at org.apache.catalina.core.ApplicationFilterChain.internalDoFilter(ApplicationFilterChain.java:174)
	at org.apache.catalina.core.ApplicationFilterChain.doFilter(ApplicationFilterChain.java:149)
	at org.springframework.web.filter.OncePerRequestFilter.doFilter(OncePerRequestFilter.java:110)
	at org.apache.catalina.core.ApplicationFilterChain.internalDoFilter(ApplicationFilterChain.java:174)
	at org.apache.catalina.core.ApplicationFilterChain.doFilter(ApplicationFilterChain.java:149)
	at org.springframework.web.filter.CompositeFilter$VirtualFilterChain.doFilter(CompositeFilter.java:108)
	at org.springframework.security.web.FilterChainProxy.lambda$doFilterInternal$3(FilterChainProxy.java:231)
	at org.springframework.security.web.FilterChainProxy$VirtualFilterChain.doFilter(FilterChainProxy.java:365)
	at org.springframework.security.web.access.intercept.AuthorizationFilter.doFilter(AuthorizationFilter.java:100)
	at org.springframework.security.web.FilterChainProxy$VirtualFilterChain.doFilter(FilterChainProxy.java:374)
	at org.springframework.security.web.access.ExceptionTranslationFilter.doFilter(ExceptionTranslationFilter.java:126)
	at org.springframework.security.web.access.ExceptionTranslationFilter.doFilter(ExceptionTranslationFilter.java:120)
	at org.springframework.security.web.FilterChainProxy$VirtualFilterChain.doFilter(FilterChainProxy.java:374)
	at org.springframework.security.web.session.SessionManagementFilter.doFilter(SessionManagementFilter.java:131)
	at org.springframework.security.web.session.SessionManagementFilter.doFilter(SessionManagementFilter.java:85)
	at org.springframework.security.web.FilterChainProxy$VirtualFilterChain.doFilter(FilterChainProxy.java:374)
	at org.springframework.security.web.authentication.AnonymousAuthenticationFilter.doFilter(AnonymousAuthenticationFilter.java:100)
	at org.springframework.security.web.FilterChainProxy$VirtualFilterChain.doFilter(FilterChainProxy.java:374)
	at org.springframework.security.web.servletapi.SecurityContextHolderAwareRequestFilter.doFilter(SecurityContextHolderAwareRequestFilter.java:179)
	at org.springframework.security.web.FilterChainProxy$VirtualFilterChain.doFilter(FilterChainProxy.java:374)
	at org.springframework.security.web.savedrequest.RequestCacheAwareFilter.doFilter(RequestCacheAwareFilter.java:63)
	at org.springframework.security.web.FilterChainProxy$VirtualFilterChain.doFilter(FilterChainProxy.java:374)
	at com.example.Project.config.JwtRequestFilter.doFilterInternal(JwtRequestFilter.java:98)
	at org.springframework.web.filter.OncePerRequestFilter.doFilter(OncePerRequestFilter.java:116)
	at org.springframework.security.web.FilterChainProxy$VirtualFilterChain.doFilter(FilterChainProxy.java:374)
	at org.springframework.security.web.authentication.logout.LogoutFilter.doFilter(LogoutFilter.java:107)
	at org.springframework.security.web.authentication.logout.LogoutFilter.doFilter(LogoutFilter.java:93)
	at org.springframework.security.web.FilterChainProxy$VirtualFilterChain.doFilter(FilterChainProxy.java:374)
	at org.springframework.web.filter.CorsFilter.doFilterInternal(CorsFilter.java:91)
	at org.springframework.web.filter.OncePerRequestFilter.doFilter(OncePerRequestFilter.java:116)
	at org.springframework.security.web.FilterChainProxy$VirtualFilterChain.doFilter(FilterChainProxy.java:374)
	at org.springframework.security.web.header.HeaderWriterFilter.doHeadersAfter(HeaderWriterFilter.java:90)
	at org.springframework.security.web.header.HeaderWriterFilter.doFilterInternal(HeaderWriterFilter.java:75)
	at org.springframework.web.filter.OncePerRequestFilter.doFilter(OncePerRequestFilter.java:116)
	at org.springframework.security.web.FilterChainProxy$VirtualFilterChain.doFilter(FilterChainProxy.java:374)
	at org.springframework.security.web.context.SecurityContextHolderFilter.doFilter(SecurityContextHolderFilter.java:82)
	at org.springframework.security.web.context.SecurityContextHolderFilter.doFilter(SecurityContextHolderFilter.java:69)
	at org.springframework.security.web.FilterChainProxy$VirtualFilterChain.doFilter(FilterChainProxy.java:374)
	at org.springframework.security.web.context.request.async.WebAsyncManagerIntegrationFilter.doFilterInternal(WebAsyncManagerIntegrationFilter.java:62)
	at org.springframework.web.filter.OncePerRequestFilter.doFilter(OncePerRequestFilter.java:116)
	at org.springframework.security.web.FilterChainProxy$VirtualFilterChain.doFilter(FilterChainProxy.java:374)
	at org.springframework.security.web.session.DisableEncodeUrlFilter.doFilterInternal(DisableEncodeUrlFilter.java:42)
	at org.springframework.web.filter.OncePerRequestFilter.doFilter(OncePerRequestFilter.java:116)
	at org.springframework.security.web.FilterChainProxy$VirtualFilterChain.doFilter(FilterChainProxy.java:374)
	at org.springframework.security.web.FilterChainProxy.doFilterInternal(FilterChainProxy.java:233)
	at org.springframework.security.web.FilterChainProxy.doFilter(FilterChainProxy.java:191)
	at org.springframework.web.filter.CompositeFilter$VirtualFilterChain.doFilter(CompositeFilter.java:113)
	at org.springframework.web.servlet.handler.HandlerMappingIntrospector.lambda$createCacheFilter$3(HandlerMappingIntrospector.java:195)
	at org.springframework.web.filter.CompositeFilter$VirtualFilterChain.doFilter(CompositeFilter.java:113)
	at org.springframework.web.filter.CompositeFilter.doFilter(CompositeFilter.java:74)
	at org.springframework.security.config.annotation.web.configuration.WebMvcSecurityConfiguration$CompositeFilterChainProxy.doFilter(WebMvcSecurityConfiguration.java:225)
	at org.springframework.web.filter.DelegatingFilterProxy.invokeDelegate(DelegatingFilterProxy.java:352)
	at org.springframework.web.filter.DelegatingFilterProxy.doFilter(DelegatingFilterProxy.java:268)
	at org.apache.catalina.core.ApplicationFilterChain.internalDoFilter(ApplicationFilterChain.java:174)
	at org.apache.catalina.core.ApplicationFilterChain.doFilter(ApplicationFilterChain.java:149)
	at org.springframework.web.filter.FormContentFilter.doFilterInternal(FormContentFilter.java:93)
	at org.springframework.web.filter.OncePerRequestFilter.doFilter(OncePerRequestFilter.java:116)
	at org.apache.catalina.core.ApplicationFilterChain.internalDoFilter(ApplicationFilterChain.java:174)
	at org.apache.catalina.core.ApplicationFilterChain.doFilter(ApplicationFilterChain.java:149)
	at org.springframework.web.filter.CharacterEncodingFilter.doFilterInternal(CharacterEncodingFilter.java:201)
	at org.springframework.web.filter.OncePerRequestFilter.doFilter(OncePerRequestFilter.java:116)
	at org.apache.catalina.core.ApplicationFilterChain.internalDoFilter(ApplicationFilterChain.java:174)
	at org.apache.catalina.core.ApplicationFilterChain.doFilter(ApplicationFilterChain.java:149)
	at org.apache.catalina.core.StandardWrapperValve.invoke(StandardWrapperValve.java:167)
	at org.apache.catalina.core.StandardContextValve.invoke(StandardContextValve.java:90)
	at org.apache.catalina.authenticator.AuthenticatorBase.invoke(AuthenticatorBase.java:482)
	at org.apache.catalina.core.StandardHostValve.invoke(StandardHostValve.java:115)
	at org.apache.catalina.valves.ErrorReportValve.invoke(ErrorReportValve.java:93)
	at org.apache.catalina.core.StandardEngineValve.invoke(StandardEngineValve.java:74)
	at org.apache.catalina.connector.CoyoteAdapter.service(CoyoteAdapter.java:340)
	at org.apache.coyote.http11.Http11Processor.service(Http11Processor.java:391)
	at org.apache.coyote.AbstractProcessorLight.process(AbstractProcessorLight.java:63)
	at org.apache.coyote.AbstractProtocol$ConnectionHandler.process(AbstractProtocol.java:896)
	at org.apache.tomcat.util.net.NioEndpoint$SocketProcessor.doRun(NioEndpoint.java:1744)
	at org.apache.tomcat.util.net.SocketProcessorBase.run(SocketProcessorBase.java:52)
	at org.apache.tomcat.util.threads.ThreadPoolExecutor.runWorker(ThreadPoolExecutor.java:1191)
	at org.apache.tomcat.util.threads.ThreadPoolExecutor$Worker.run(ThreadPoolExecutor.java:659)
	at org.apache.tomcat.util.threads.TaskThread$WrappingRunnable.run(TaskThread.java:61)
	at java.base/java.lang.Thread.run(Thread.java:833)
21:17:11.823 [http-nio-8080-exec-9] DEBUG o.s.security.web.FilterChainProxy - Securing POST /error
21:17:11.824 [http-nio-8080-exec-9] DEBUG o.s.s.w.a.AnonymousAuthenticationFilter - Set SecurityContextHolder to anonymous SecurityContext
21:17:22.326 [http-nio-8080-exec-4] DEBUG o.s.security.web.FilterChainProxy - Securing POST /register
21:17:22.326 [http-nio-8080-exec-4] WARN  c.e.Project.config.JwtRequestFilter - JWT Token does not begin with Bearer String
21:17:22.326 [http-nio-8080-exec-4] DEBUG o.s.s.w.a.AnonymousAuthenticationFilter - Set SecurityContextHolder to anonymous SecurityContext
21:17:22.326 [http-nio-8080-exec-4] DEBUG o.s.security.web.FilterChainProxy - Secured POST /register
21:17:22.330 [http-nio-8080-exec-4] INFO  c.e.P.c.RegistrationController - Received registration request for user with email: nunkarapetyan1@gmail.com
21:17:22.331 [http-nio-8080-exec-4] INFO  c.e.P.service.RegistrationService - Registering user with email: nunkarapetyan1@gmail.com
21:17:22.331 [http-nio-8080-exec-4] INFO  c.e.P.service.RegistrationService - Password is strong!
21:17:22.456 [http-nio-8080-exec-4] ERROR o.a.c.c.C.[.[.[.[dispatcherServlet] - Servlet.service() for servlet [dispatcherServlet] in context with path [] threw exception [Request processing failed: java.lang.RuntimeException: Role not found] with root cause
java.lang.RuntimeException: Role not found
	at com.example.Project.service.RegistrationService.lambda$registerUser$0(RegistrationService.java:78)
	at java.base/java.util.Optional.orElseThrow(Optional.java:403)
	at com.example.Project.service.RegistrationService.registerUser(RegistrationService.java:78)
	at com.example.Project.controller.RegistrationController.registerUser(RegistrationController.java:31)
	at java.base/jdk.internal.reflect.DirectMethodHandleAccessor.invoke(DirectMethodHandleAccessor.java:104)
	at java.base/java.lang.reflect.Method.invoke(Method.java:577)
	at org.springframework.web.method.support.InvocableHandlerMethod.doInvoke(InvocableHandlerMethod.java:262)
	at org.springframework.web.method.support.InvocableHandlerMethod.invokeForRequest(InvocableHandlerMethod.java:190)
	at org.springframework.web.servlet.mvc.method.annotation.ServletInvocableHandlerMethod.invokeAndHandle(ServletInvocableHandlerMethod.java:118)
	at org.springframework.web.servlet.mvc.method.annotation.RequestMappingHandlerAdapter.invokeHandlerMethod(RequestMappingHandlerAdapter.java:917)
	at org.springframework.web.servlet.mvc.method.annotation.RequestMappingHandlerAdapter.handleInternal(RequestMappingHandlerAdapter.java:829)
	at org.springframework.web.servlet.mvc.method.AbstractHandlerMethodAdapter.handle(AbstractHandlerMethodAdapter.java:87)
	at org.springframework.web.servlet.DispatcherServlet.doDispatch(DispatcherServlet.java:1089)
	at org.springframework.web.servlet.DispatcherServlet.doService(DispatcherServlet.java:979)
	at org.springframework.web.servlet.FrameworkServlet.processRequest(FrameworkServlet.java:1014)
	at org.springframework.web.servlet.FrameworkServlet.doPost(FrameworkServlet.java:914)
	at jakarta.servlet.http.HttpServlet.service(HttpServlet.java:590)
	at org.springframework.web.servlet.FrameworkServlet.service(FrameworkServlet.java:885)
	at jakarta.servlet.http.HttpServlet.service(HttpServlet.java:658)
	at org.apache.catalina.core.ApplicationFilterChain.internalDoFilter(ApplicationFilterChain.java:205)
	at org.apache.catalina.core.ApplicationFilterChain.doFilter(ApplicationFilterChain.java:149)
	at org.apache.tomcat.websocket.server.WsFilter.doFilter(WsFilter.java:51)
	at org.apache.catalina.core.ApplicationFilterChain.internalDoFilter(ApplicationFilterChain.java:174)
	at org.apache.catalina.core.ApplicationFilterChain.doFilter(ApplicationFilterChain.java:149)
	at org.springframework.web.filter.OncePerRequestFilter.doFilter(OncePerRequestFilter.java:110)
	at org.apache.catalina.core.ApplicationFilterChain.internalDoFilter(ApplicationFilterChain.java:174)
	at org.apache.catalina.core.ApplicationFilterChain.doFilter(ApplicationFilterChain.java:149)
	at org.springframework.web.filter.CompositeFilter$VirtualFilterChain.doFilter(CompositeFilter.java:108)
	at org.springframework.security.web.FilterChainProxy.lambda$doFilterInternal$3(FilterChainProxy.java:231)
	at org.springframework.security.web.FilterChainProxy$VirtualFilterChain.doFilter(FilterChainProxy.java:365)
	at org.springframework.security.web.access.intercept.AuthorizationFilter.doFilter(AuthorizationFilter.java:100)
	at org.springframework.security.web.FilterChainProxy$VirtualFilterChain.doFilter(FilterChainProxy.java:374)
	at org.springframework.security.web.access.ExceptionTranslationFilter.doFilter(ExceptionTranslationFilter.java:126)
	at org.springframework.security.web.access.ExceptionTranslationFilter.doFilter(ExceptionTranslationFilter.java:120)
	at org.springframework.security.web.FilterChainProxy$VirtualFilterChain.doFilter(FilterChainProxy.java:374)
	at org.springframework.security.web.session.SessionManagementFilter.doFilter(SessionManagementFilter.java:131)
	at org.springframework.security.web.session.SessionManagementFilter.doFilter(SessionManagementFilter.java:85)
	at org.springframework.security.web.FilterChainProxy$VirtualFilterChain.doFilter(FilterChainProxy.java:374)
	at org.springframework.security.web.authentication.AnonymousAuthenticationFilter.doFilter(AnonymousAuthenticationFilter.java:100)
	at org.springframework.security.web.FilterChainProxy$VirtualFilterChain.doFilter(FilterChainProxy.java:374)
	at org.springframework.security.web.servletapi.SecurityContextHolderAwareRequestFilter.doFilter(SecurityContextHolderAwareRequestFilter.java:179)
	at org.springframework.security.web.FilterChainProxy$VirtualFilterChain.doFilter(FilterChainProxy.java:374)
	at org.springframework.security.web.savedrequest.RequestCacheAwareFilter.doFilter(RequestCacheAwareFilter.java:63)
	at org.springframework.security.web.FilterChainProxy$VirtualFilterChain.doFilter(FilterChainProxy.java:374)
	at com.example.Project.config.JwtRequestFilter.doFilterInternal(JwtRequestFilter.java:98)
	at org.springframework.web.filter.OncePerRequestFilter.doFilter(OncePerRequestFilter.java:116)
	at org.springframework.security.web.FilterChainProxy$VirtualFilterChain.doFilter(FilterChainProxy.java:374)
	at org.springframework.security.web.authentication.logout.LogoutFilter.doFilter(LogoutFilter.java:107)
	at org.springframework.security.web.authentication.logout.LogoutFilter.doFilter(LogoutFilter.java:93)
	at org.springframework.security.web.FilterChainProxy$VirtualFilterChain.doFilter(FilterChainProxy.java:374)
	at org.springframework.web.filter.CorsFilter.doFilterInternal(CorsFilter.java:91)
	at org.springframework.web.filter.OncePerRequestFilter.doFilter(OncePerRequestFilter.java:116)
	at org.springframework.security.web.FilterChainProxy$VirtualFilterChain.doFilter(FilterChainProxy.java:374)
	at org.springframework.security.web.header.HeaderWriterFilter.doHeadersAfter(HeaderWriterFilter.java:90)
	at org.springframework.security.web.header.HeaderWriterFilter.doFilterInternal(HeaderWriterFilter.java:75)
	at org.springframework.web.filter.OncePerRequestFilter.doFilter(OncePerRequestFilter.java:116)
	at org.springframework.security.web.FilterChainProxy$VirtualFilterChain.doFilter(FilterChainProxy.java:374)
	at org.springframework.security.web.context.SecurityContextHolderFilter.doFilter(SecurityContextHolderFilter.java:82)
	at org.springframework.security.web.context.SecurityContextHolderFilter.doFilter(SecurityContextHolderFilter.java:69)
	at org.springframework.security.web.FilterChainProxy$VirtualFilterChain.doFilter(FilterChainProxy.java:374)
	at org.springframework.security.web.context.request.async.WebAsyncManagerIntegrationFilter.doFilterInternal(WebAsyncManagerIntegrationFilter.java:62)
	at org.springframework.web.filter.OncePerRequestFilter.doFilter(OncePerRequestFilter.java:116)
	at org.springframework.security.web.FilterChainProxy$VirtualFilterChain.doFilter(FilterChainProxy.java:374)
	at org.springframework.security.web.session.DisableEncodeUrlFilter.doFilterInternal(DisableEncodeUrlFilter.java:42)
	at org.springframework.web.filter.OncePerRequestFilter.doFilter(OncePerRequestFilter.java:116)
	at org.springframework.security.web.FilterChainProxy$VirtualFilterChain.doFilter(FilterChainProxy.java:374)
	at org.springframework.security.web.FilterChainProxy.doFilterInternal(FilterChainProxy.java:233)
	at org.springframework.security.web.FilterChainProxy.doFilter(FilterChainProxy.java:191)
	at org.springframework.web.filter.CompositeFilter$VirtualFilterChain.doFilter(CompositeFilter.java:113)
	at org.springframework.web.servlet.handler.HandlerMappingIntrospector.lambda$createCacheFilter$3(HandlerMappingIntrospector.java:195)
	at org.springframework.web.filter.CompositeFilter$VirtualFilterChain.doFilter(CompositeFilter.java:113)
	at org.springframework.web.filter.CompositeFilter.doFilter(CompositeFilter.java:74)
	at org.springframework.security.config.annotation.web.configuration.WebMvcSecurityConfiguration$CompositeFilterChainProxy.doFilter(WebMvcSecurityConfiguration.java:225)
	at org.springframework.web.filter.DelegatingFilterProxy.invokeDelegate(DelegatingFilterProxy.java:352)
	at org.springframework.web.filter.DelegatingFilterProxy.doFilter(DelegatingFilterProxy.java:268)
	at org.apache.catalina.core.ApplicationFilterChain.internalDoFilter(ApplicationFilterChain.java:174)
	at org.apache.catalina.core.ApplicationFilterChain.doFilter(ApplicationFilterChain.java:149)
	at org.springframework.web.filter.FormContentFilter.doFilterInternal(FormContentFilter.java:93)
	at org.springframework.web.filter.OncePerRequestFilter.doFilter(OncePerRequestFilter.java:116)
	at org.apache.catalina.core.ApplicationFilterChain.internalDoFilter(ApplicationFilterChain.java:174)
	at org.apache.catalina.core.ApplicationFilterChain.doFilter(ApplicationFilterChain.java:149)
	at org.springframework.web.filter.CharacterEncodingFilter.doFilterInternal(CharacterEncodingFilter.java:201)
	at org.springframework.web.filter.OncePerRequestFilter.doFilter(OncePerRequestFilter.java:116)
	at org.apache.catalina.core.ApplicationFilterChain.internalDoFilter(ApplicationFilterChain.java:174)
	at org.apache.catalina.core.ApplicationFilterChain.doFilter(ApplicationFilterChain.java:149)
	at org.apache.catalina.core.StandardWrapperValve.invoke(StandardWrapperValve.java:167)
	at org.apache.catalina.core.StandardContextValve.invoke(StandardContextValve.java:90)
	at org.apache.catalina.authenticator.AuthenticatorBase.invoke(AuthenticatorBase.java:482)
	at org.apache.catalina.core.StandardHostValve.invoke(StandardHostValve.java:115)
	at org.apache.catalina.valves.ErrorReportValve.invoke(ErrorReportValve.java:93)
	at org.apache.catalina.core.StandardEngineValve.invoke(StandardEngineValve.java:74)
	at org.apache.catalina.connector.CoyoteAdapter.service(CoyoteAdapter.java:340)
	at org.apache.coyote.http11.Http11Processor.service(Http11Processor.java:391)
	at org.apache.coyote.AbstractProcessorLight.process(AbstractProcessorLight.java:63)
	at org.apache.coyote.AbstractProtocol$ConnectionHandler.process(AbstractProtocol.java:896)
	at org.apache.tomcat.util.net.NioEndpoint$SocketProcessor.doRun(NioEndpoint.java:1744)
	at org.apache.tomcat.util.net.SocketProcessorBase.run(SocketProcessorBase.java:52)
	at org.apache.tomcat.util.threads.ThreadPoolExecutor.runWorker(ThreadPoolExecutor.java:1191)
	at org.apache.tomcat.util.threads.ThreadPoolExecutor$Worker.run(ThreadPoolExecutor.java:659)
	at org.apache.tomcat.util.threads.TaskThread$WrappingRunnable.run(TaskThread.java:61)
	at java.base/java.lang.Thread.run(Thread.java:833)
21:17:22.456 [http-nio-8080-exec-4] DEBUG o.s.security.web.FilterChainProxy - Securing POST /error
21:17:22.456 [http-nio-8080-exec-4] DEBUG o.s.s.w.a.AnonymousAuthenticationFilter - Set SecurityContextHolder to anonymous SecurityContext
21:18:18.189 [http-nio-8080-exec-2] DEBUG o.s.security.web.FilterChainProxy - Securing POST /register
21:18:18.189 [http-nio-8080-exec-2] WARN  c.e.Project.config.JwtRequestFilter - JWT Token does not begin with Bearer String
21:18:18.189 [http-nio-8080-exec-2] DEBUG o.s.s.w.a.AnonymousAuthenticationFilter - Set SecurityContextHolder to anonymous SecurityContext
21:18:18.189 [http-nio-8080-exec-2] DEBUG o.s.security.web.FilterChainProxy - Secured POST /register
21:18:18.191 [http-nio-8080-exec-2] INFO  c.e.P.c.RegistrationController - Received registration request for user with email: nunkarapetyan1@gmail.com
21:18:18.191 [http-nio-8080-exec-2] INFO  c.e.P.service.RegistrationService - Registering user with email: nunkarapetyan1@gmail.com
21:18:18.191 [http-nio-8080-exec-2] INFO  c.e.P.service.RegistrationService - Password is strong!
21:18:20.681 [http-nio-8080-exec-2] INFO  c.e.P.service.RegistrationService - Confirmation Token: f2effaf8-e3ba-4c94-93c8-73bd70f82c63
21:18:20.682 [http-nio-8080-exec-2] INFO  c.e.P.c.RegistrationController - Registration result: Verify email by the link sent on your email address
21:18:27.617 [http-nio-8080-exec-6] DEBUG o.s.security.web.FilterChainProxy - Securing GET /confirm-account?token=f2effaf8-e3ba-4c94-93c8-73bd70f82c63
21:18:27.617 [http-nio-8080-exec-6] WARN  c.e.Project.config.JwtRequestFilter - JWT Token does not begin with Bearer String
21:18:27.617 [http-nio-8080-exec-6] DEBUG o.s.s.w.a.AnonymousAuthenticationFilter - Set SecurityContextHolder to anonymous SecurityContext
21:18:27.618 [http-nio-8080-exec-6] DEBUG o.s.security.web.FilterChainProxy - Secured GET /confirm-account?token=f2effaf8-e3ba-4c94-93c8-73bd70f82c63
21:18:27.624 [http-nio-8080-exec-6] INFO  c.e.P.c.RegistrationController - Received confirmation token: f2effaf8-e3ba-4c94-93c8-73bd70f82c63
21:18:27.646 [http-nio-8080-exec-6] INFO  c.e.P.c.RegistrationController - Confirmation result: success
21:18:27.654 [http-nio-8080-exec-7] DEBUG o.s.security.web.FilterChainProxy - Securing GET /success
21:18:27.654 [http-nio-8080-exec-7] WARN  c.e.Project.config.JwtRequestFilter - JWT Token does not begin with Bearer String
21:18:27.654 [http-nio-8080-exec-7] DEBUG o.s.s.w.a.AnonymousAuthenticationFilter - Set SecurityContextHolder to anonymous SecurityContext
21:18:27.654 [http-nio-8080-exec-7] DEBUG o.s.security.web.FilterChainProxy - Secured GET /success
21:18:27.791 [http-nio-8080-exec-5] DEBUG o.s.security.web.FilterChainProxy - Securing GET /favicon.ico
21:18:27.791 [http-nio-8080-exec-5] WARN  c.e.Project.config.JwtRequestFilter - JWT Token does not begin with Bearer String
21:18:27.791 [http-nio-8080-exec-5] DEBUG o.s.s.w.a.AnonymousAuthenticationFilter - Set SecurityContextHolder to anonymous SecurityContext
21:18:27.791 [http-nio-8080-exec-5] DEBUG o.s.security.web.FilterChainProxy - Securing GET /error
21:18:27.792 [http-nio-8080-exec-5] DEBUG o.s.s.w.a.AnonymousAuthenticationFilter - Set SecurityContextHolder to anonymous SecurityContext
21:18:36.477 [http-nio-8080-exec-8] DEBUG o.s.security.web.FilterChainProxy - Securing POST /authenticate
21:18:36.477 [http-nio-8080-exec-8] WARN  c.e.Project.config.JwtRequestFilter - JWT Token does not begin with Bearer String
21:18:36.477 [http-nio-8080-exec-8] DEBUG o.s.s.w.a.AnonymousAuthenticationFilter - Set SecurityContextHolder to anonymous SecurityContext
21:18:36.477 [http-nio-8080-exec-8] DEBUG o.s.security.web.FilterChainProxy - Secured POST /authenticate
21:18:36.642 [http-nio-8080-exec-8] DEBUG o.s.s.a.d.DaoAuthenticationProvider - Authenticated user
21:18:37.883 [http-nio-8080-exec-10] DEBUG o.s.security.web.FilterChainProxy - Securing GET /users/getProfile
21:18:37.923 [http-nio-8080-exec-10] DEBUG o.s.security.web.FilterChainProxy - Secured GET /users/getProfile
21:28:53.267 [SpringApplicationShutdownHook] INFO  o.s.o.j.LocalContainerEntityManagerFactoryBean - Closing JPA EntityManagerFactory for persistence unit 'default'
21:28:53.270 [SpringApplicationShutdownHook] INFO  com.zaxxer.hikari.HikariDataSource - HikariPool-1 - Shutdown initiated...
21:28:53.276 [SpringApplicationShutdownHook] INFO  com.zaxxer.hikari.HikariDataSource - HikariPool-1 - Shutdown completed.
23:16:55.231 [background-preinit] INFO  o.h.validator.internal.util.Version - HV000001: Hibernate Validator 8.0.1.Final
23:16:55.261 [main] INFO  c.example.Project.ProjectApplication - Starting ProjectApplication using Java 18.0.2 with PID 34188 (C:\Users\Nune_\OneDrive\Desktop\Project\target\classes started by Nune_ in C:\Users\Nune_\OneDrive\Desktop\Project)
23:16:55.261 [main] INFO  c.example.Project.ProjectApplication - No active profile set, falling back to 1 default profile: "default"
23:16:55.866 [main] INFO  o.s.d.r.c.RepositoryConfigurationDelegate - Bootstrapping Spring Data JPA repositories in DEFAULT mode.
23:16:55.900 [main] INFO  o.s.d.r.c.RepositoryConfigurationDelegate - Finished Spring Data repository scanning in 29 ms. Found 6 JPA repository interfaces.
23:16:56.360 [main] INFO  o.s.b.w.e.tomcat.TomcatWebServer - Tomcat initialized with port 8080 (http)
23:16:56.366 [main] INFO  o.a.coyote.http11.Http11NioProtocol - Initializing ProtocolHandler ["http-nio-8080"]
23:16:56.368 [main] INFO  o.a.catalina.core.StandardService - Starting service [Tomcat]
23:16:56.369 [main] INFO  o.a.catalina.core.StandardEngine - Starting Servlet engine: [Apache Tomcat/10.1.17]
23:16:56.406 [main] INFO  o.a.c.c.C.[Tomcat].[localhost].[/] - Initializing Spring embedded WebApplicationContext
23:16:56.406 [main] INFO  o.s.b.w.s.c.ServletWebServerApplicationContext - Root WebApplicationContext: initialization completed in 1103 ms
23:16:56.479 [main] INFO  o.h.jpa.internal.util.LogHelper - HHH000204: Processing PersistenceUnitInfo [name: default]
23:16:56.520 [main] INFO  org.hibernate.Version - HHH000412: Hibernate ORM core version 6.4.1.Final
23:16:56.556 [main] INFO  o.h.c.i.RegionFactoryInitiator - HHH000026: Second-level cache disabled
23:16:56.720 [main] INFO  o.s.o.j.p.SpringPersistenceUnitInfo - No LoadTimeWeaver setup: ignoring JPA class transformer
23:16:56.737 [main] INFO  com.zaxxer.hikari.HikariDataSource - HikariPool-1 - Starting...
23:16:56.961 [main] INFO  com.zaxxer.hikari.pool.HikariPool - HikariPool-1 - Added connection com.mysql.cj.jdbc.ConnectionImpl@f793f15
23:16:56.963 [main] INFO  com.zaxxer.hikari.HikariDataSource - HikariPool-1 - Start completed.
23:16:57.659 [main] INFO  o.h.e.t.j.p.i.JtaPlatformInitiator - HHH000489: No JTA platform available (set 'hibernate.transaction.jta.platform' to enable JTA platform integration)
23:16:57.717 [main] INFO  o.s.o.j.LocalContainerEntityManagerFactoryBean - Initialized JPA EntityManagerFactory for persistence unit 'default'
23:16:57.895 [main] INFO  o.s.d.j.r.query.QueryEnhancerFactory - Hibernate is in classpath; If applicable, HQL parser will be used.
23:16:58.374 [main] WARN  o.s.b.a.o.j.JpaBaseConfiguration$JpaWebConfiguration - spring.jpa.open-in-view is enabled by default. Therefore, database queries may be performed during view rendering. Explicitly configure spring.jpa.open-in-view to disable this warning
23:16:58.526 [main] INFO  o.s.s.web.DefaultSecurityFilterChain - Will secure any request with [org.springframework.security.web.session.DisableEncodeUrlFilter@37b0a724, org.springframework.security.web.context.request.async.WebAsyncManagerIntegrationFilter@36d1ac55, org.springframework.security.web.context.SecurityContextHolderFilter@3d70dab8, org.springframework.security.web.header.HeaderWriterFilter@7c6f91d2, org.springframework.web.filter.CorsFilter@3da76d3a, org.springframework.security.web.authentication.logout.LogoutFilter@1ff55410, com.example.Project.config.JwtRequestFilter@49868df8, org.springframework.security.web.savedrequest.RequestCacheAwareFilter@3d123d10, org.springframework.security.web.servletapi.SecurityContextHolderAwareRequestFilter@1ca6323c, org.springframework.security.web.authentication.AnonymousAuthenticationFilter@167da81d, org.springframework.security.web.session.SessionManagementFilter@74534564, org.springframework.security.web.access.ExceptionTranslationFilter@b31cd6b, org.springframework.security.web.access.intercept.AuthorizationFilter@588b2d7a]
23:16:58.722 [main] INFO  o.a.coyote.http11.Http11NioProtocol - Starting ProtocolHandler ["http-nio-8080"]
23:16:58.734 [main] INFO  o.s.b.w.e.tomcat.TomcatWebServer - Tomcat started on port 8080 (http) with context path ''
23:16:58.740 [main] INFO  c.example.Project.ProjectApplication - Started ProjectApplication in 3.753 seconds (process running for 4.827)
23:18:27.928 [http-nio-8080-exec-1] INFO  o.a.c.c.C.[Tomcat].[localhost].[/] - Initializing Spring DispatcherServlet 'dispatcherServlet'
23:18:27.928 [http-nio-8080-exec-1] INFO  o.s.web.servlet.DispatcherServlet - Initializing Servlet 'dispatcherServlet'
23:18:27.936 [http-nio-8080-exec-1] INFO  o.s.web.servlet.DispatcherServlet - Completed initialization in 8 ms
23:18:27.944 [http-nio-8080-exec-1] DEBUG o.s.security.web.FilterChainProxy - Securing OPTIONS /register
23:18:27.968 [http-nio-8080-exec-2] DEBUG o.s.security.web.FilterChainProxy - Securing POST /register
23:18:27.969 [http-nio-8080-exec-2] WARN  c.e.Project.config.JwtRequestFilter - JWT Token does not begin with Bearer String
23:18:27.970 [http-nio-8080-exec-2] DEBUG o.s.s.w.a.AnonymousAuthenticationFilter - Set SecurityContextHolder to anonymous SecurityContext
23:18:27.970 [http-nio-8080-exec-2] DEBUG o.s.security.web.FilterChainProxy - Secured POST /register
23:18:28.044 [http-nio-8080-exec-2] INFO  c.e.P.c.RegistrationController - Received registration request for user with email: nunekarapetyan59@gmail.com
23:18:28.044 [http-nio-8080-exec-2] INFO  c.e.P.service.RegistrationService - Registering user with email: nunekarapetyan59@gmail.com
23:18:28.044 [http-nio-8080-exec-2] INFO  c.e.P.service.RegistrationService - Password is strong!
23:18:30.991 [http-nio-8080-exec-2] INFO  c.e.P.service.RegistrationService - Confirmation Token: e407c94b-ea5d-45aa-a84b-2b4c49cb6b18
23:18:30.991 [http-nio-8080-exec-2] INFO  c.e.P.c.RegistrationController - Registration result: Verify email by the link sent on your email address
23:19:16.965 [SpringApplicationShutdownHook] INFO  o.s.o.j.LocalContainerEntityManagerFactoryBean - Closing JPA EntityManagerFactory for persistence unit 'default'
23:19:16.967 [SpringApplicationShutdownHook] INFO  com.zaxxer.hikari.HikariDataSource - HikariPool-1 - Shutdown initiated...
23:19:16.971 [SpringApplicationShutdownHook] INFO  com.zaxxer.hikari.HikariDataSource - HikariPool-1 - Shutdown completed.
23:19:18.286 [background-preinit] INFO  o.h.validator.internal.util.Version - HV000001: Hibernate Validator 8.0.1.Final
23:19:18.314 [main] INFO  c.example.Project.ProjectApplication - Starting ProjectApplication using Java 18.0.2 with PID 34040 (C:\Users\Nune_\OneDrive\Desktop\Project\target\classes started by Nune_ in C:\Users\Nune_\OneDrive\Desktop\Project)
23:19:18.315 [main] INFO  c.example.Project.ProjectApplication - No active profile set, falling back to 1 default profile: "default"
23:19:18.665 [main] INFO  o.s.d.r.c.RepositoryConfigurationDelegate - Bootstrapping Spring Data JPA repositories in DEFAULT mode.
23:19:18.700 [main] INFO  o.s.d.r.c.RepositoryConfigurationDelegate - Finished Spring Data repository scanning in 30 ms. Found 6 JPA repository interfaces.
23:19:19.131 [main] INFO  o.s.b.w.e.tomcat.TomcatWebServer - Tomcat initialized with port 8080 (http)
23:19:19.136 [main] INFO  o.a.coyote.http11.Http11NioProtocol - Initializing ProtocolHandler ["http-nio-8080"]
23:19:19.137 [main] INFO  o.a.catalina.core.StandardService - Starting service [Tomcat]
23:19:19.138 [main] INFO  o.a.catalina.core.StandardEngine - Starting Servlet engine: [Apache Tomcat/10.1.17]
23:19:19.178 [main] INFO  o.a.c.c.C.[Tomcat].[localhost].[/] - Initializing Spring embedded WebApplicationContext
23:19:19.178 [main] INFO  o.s.b.w.s.c.ServletWebServerApplicationContext - Root WebApplicationContext: initialization completed in 821 ms
23:19:19.242 [main] INFO  o.h.jpa.internal.util.LogHelper - HHH000204: Processing PersistenceUnitInfo [name: default]
23:19:19.269 [main] INFO  org.hibernate.Version - HHH000412: Hibernate ORM core version 6.4.1.Final
23:19:19.299 [main] INFO  o.h.c.i.RegionFactoryInitiator - HHH000026: Second-level cache disabled
23:19:19.433 [main] INFO  o.s.o.j.p.SpringPersistenceUnitInfo - No LoadTimeWeaver setup: ignoring JPA class transformer
23:19:19.449 [main] INFO  com.zaxxer.hikari.HikariDataSource - HikariPool-1 - Starting...
23:19:19.609 [main] INFO  com.zaxxer.hikari.pool.HikariPool - HikariPool-1 - Added connection com.mysql.cj.jdbc.ConnectionImpl@6ad112de
23:19:19.611 [main] INFO  com.zaxxer.hikari.HikariDataSource - HikariPool-1 - Start completed.
23:19:20.237 [main] INFO  o.h.e.t.j.p.i.JtaPlatformInitiator - HHH000489: No JTA platform available (set 'hibernate.transaction.jta.platform' to enable JTA platform integration)
23:19:20.287 [main] INFO  o.s.o.j.LocalContainerEntityManagerFactoryBean - Initialized JPA EntityManagerFactory for persistence unit 'default'
23:19:20.438 [main] INFO  o.s.d.j.r.query.QueryEnhancerFactory - Hibernate is in classpath; If applicable, HQL parser will be used.
23:19:20.881 [main] WARN  o.s.b.a.o.j.JpaBaseConfiguration$JpaWebConfiguration - spring.jpa.open-in-view is enabled by default. Therefore, database queries may be performed during view rendering. Explicitly configure spring.jpa.open-in-view to disable this warning
23:19:21.024 [main] INFO  o.s.s.web.DefaultSecurityFilterChain - Will secure any request with [org.springframework.security.web.session.DisableEncodeUrlFilter@6285027a, org.springframework.security.web.context.request.async.WebAsyncManagerIntegrationFilter@5e834f3a, org.springframework.security.web.context.SecurityContextHolderFilter@2251cc2e, org.springframework.security.web.header.HeaderWriterFilter@7e7e34ef, org.springframework.web.filter.CorsFilter@5bb00dcc, org.springframework.security.web.authentication.logout.LogoutFilter@71b01319, com.example.Project.config.JwtRequestFilter@921dbcf, org.springframework.security.web.savedrequest.RequestCacheAwareFilter@42a057b6, org.springframework.security.web.servletapi.SecurityContextHolderAwareRequestFilter@4e1ffe54, org.springframework.security.web.authentication.AnonymousAuthenticationFilter@57ce8f63, org.springframework.security.web.session.SessionManagementFilter@5632bed3, org.springframework.security.web.access.ExceptionTranslationFilter@7d28d525, org.springframework.security.web.access.intercept.AuthorizationFilter@31a1b37b]
23:19:21.197 [main] INFO  o.a.coyote.http11.Http11NioProtocol - Starting ProtocolHandler ["http-nio-8080"]
23:19:21.214 [main] INFO  o.s.b.w.e.tomcat.TomcatWebServer - Tomcat started on port 8080 (http) with context path ''
23:19:21.220 [main] INFO  c.example.Project.ProjectApplication - Started ProjectApplication in 3.115 seconds (process running for 3.536)
23:20:20.191 [http-nio-8080-exec-2] INFO  o.a.c.c.C.[Tomcat].[localhost].[/] - Initializing Spring DispatcherServlet 'dispatcherServlet'
23:20:20.192 [http-nio-8080-exec-2] INFO  o.s.web.servlet.DispatcherServlet - Initializing Servlet 'dispatcherServlet'
23:20:20.193 [http-nio-8080-exec-2] INFO  o.s.web.servlet.DispatcherServlet - Completed initialization in 1 ms
23:20:20.203 [http-nio-8080-exec-2] DEBUG o.s.security.web.FilterChainProxy - Securing POST /register
23:20:20.214 [http-nio-8080-exec-2] WARN  c.e.Project.config.JwtRequestFilter - JWT Token does not begin with Bearer String
23:20:20.215 [http-nio-8080-exec-2] DEBUG o.s.s.w.a.AnonymousAuthenticationFilter - Set SecurityContextHolder to anonymous SecurityContext
23:20:20.216 [http-nio-8080-exec-2] DEBUG o.s.security.web.FilterChainProxy - Secured POST /register
23:20:20.258 [http-nio-8080-exec-2] INFO  c.e.P.c.RegistrationController - Received registration request for user with email: nunekarapetyan59@gmail.com
23:20:20.258 [http-nio-8080-exec-2] INFO  c.e.P.service.RegistrationService - Registering user with email: nunekarapetyan59@gmail.com
23:20:20.258 [http-nio-8080-exec-2] INFO  c.e.P.service.RegistrationService - Password is strong!
23:20:22.075 [http-nio-8080-exec-1] DEBUG o.s.security.web.FilterChainProxy - Securing POST /register
23:20:22.075 [http-nio-8080-exec-1] WARN  c.e.Project.config.JwtRequestFilter - JWT Token does not begin with Bearer String
23:20:22.076 [http-nio-8080-exec-1] DEBUG o.s.s.w.a.AnonymousAuthenticationFilter - Set SecurityContextHolder to anonymous SecurityContext
23:20:22.076 [http-nio-8080-exec-1] DEBUG o.s.security.web.FilterChainProxy - Secured POST /register
23:20:22.077 [http-nio-8080-exec-1] INFO  c.e.P.c.RegistrationController - Received registration request for user with email: nunekarapetyan59@gmail.com
23:20:22.077 [http-nio-8080-exec-1] INFO  c.e.P.service.RegistrationService - Registering user with email: nunekarapetyan59@gmail.com
23:20:22.077 [http-nio-8080-exec-1] INFO  c.e.P.service.RegistrationService - Password is strong!
23:20:22.081 [http-nio-8080-exec-1] WARN  c.e.P.service.RegistrationService - Email nunekarapetyan59@gmail.com is already in use
23:20:22.081 [http-nio-8080-exec-1] INFO  c.e.P.c.RegistrationController - Registration result: Email is already in use
23:20:22.467 [http-nio-8080-exec-2] INFO  c.e.P.service.RegistrationService - Confirmation Token: 00500f79-a2b4-4c7d-8bdc-739e05a7bbdd
23:20:22.468 [http-nio-8080-exec-2] INFO  c.e.P.c.RegistrationController - Registration result: Verify email by the link sent on your email address
23:20:39.790 [SpringApplicationShutdownHook] INFO  o.s.o.j.LocalContainerEntityManagerFactoryBean - Closing JPA EntityManagerFactory for persistence unit 'default'
23:20:39.790 [SpringApplicationShutdownHook] INFO  com.zaxxer.hikari.HikariDataSource - HikariPool-1 - Shutdown initiated...
23:20:39.790 [SpringApplicationShutdownHook] INFO  com.zaxxer.hikari.HikariDataSource - HikariPool-1 - Shutdown completed.
23:21:15.435 [background-preinit] INFO  o.h.validator.internal.util.Version - HV000001: Hibernate Validator 8.0.1.Final
23:21:15.463 [main] INFO  c.example.Project.ProjectApplication - Starting ProjectApplication using Java 18.0.2 with PID 30104 (C:\Users\Nune_\OneDrive\Desktop\Project\target\classes started by Nune_ in C:\Users\Nune_\OneDrive\Desktop\Project)
23:21:15.464 [main] INFO  c.example.Project.ProjectApplication - No active profile set, falling back to 1 default profile: "default"
23:21:15.832 [main] INFO  o.s.d.r.c.RepositoryConfigurationDelegate - Bootstrapping Spring Data JPA repositories in DEFAULT mode.
23:21:15.870 [main] INFO  o.s.d.r.c.RepositoryConfigurationDelegate - Finished Spring Data repository scanning in 33 ms. Found 6 JPA repository interfaces.
23:21:16.367 [main] INFO  o.s.b.w.e.tomcat.TomcatWebServer - Tomcat initialized with port 8080 (http)
23:21:16.374 [main] INFO  o.a.coyote.http11.Http11NioProtocol - Initializing ProtocolHandler ["http-nio-8080"]
23:21:16.376 [main] INFO  o.a.catalina.core.StandardService - Starting service [Tomcat]
23:21:16.376 [main] INFO  o.a.catalina.core.StandardEngine - Starting Servlet engine: [Apache Tomcat/10.1.17]
23:21:16.421 [main] INFO  o.a.c.c.C.[Tomcat].[localhost].[/] - Initializing Spring embedded WebApplicationContext
23:21:16.421 [main] INFO  o.s.b.w.s.c.ServletWebServerApplicationContext - Root WebApplicationContext: initialization completed in 915 ms
23:21:16.487 [main] INFO  o.h.jpa.internal.util.LogHelper - HHH000204: Processing PersistenceUnitInfo [name: default]
23:21:16.513 [main] INFO  org.hibernate.Version - HHH000412: Hibernate ORM core version 6.4.1.Final
23:21:16.542 [main] INFO  o.h.c.i.RegionFactoryInitiator - HHH000026: Second-level cache disabled
23:21:16.685 [main] INFO  o.s.o.j.p.SpringPersistenceUnitInfo - No LoadTimeWeaver setup: ignoring JPA class transformer
23:21:16.700 [main] INFO  com.zaxxer.hikari.HikariDataSource - HikariPool-1 - Starting...
23:21:16.864 [main] INFO  com.zaxxer.hikari.pool.HikariPool - HikariPool-1 - Added connection com.mysql.cj.jdbc.ConnectionImpl@22604c7e
23:21:16.866 [main] INFO  com.zaxxer.hikari.HikariDataSource - HikariPool-1 - Start completed.
23:21:17.520 [main] INFO  o.h.e.t.j.p.i.JtaPlatformInitiator - HHH000489: No JTA platform available (set 'hibernate.transaction.jta.platform' to enable JTA platform integration)
23:21:17.564 [main] INFO  o.s.o.j.LocalContainerEntityManagerFactoryBean - Initialized JPA EntityManagerFactory for persistence unit 'default'
23:21:17.742 [main] INFO  o.s.d.j.r.query.QueryEnhancerFactory - Hibernate is in classpath; If applicable, HQL parser will be used.
23:21:18.235 [main] WARN  o.s.b.a.o.j.JpaBaseConfiguration$JpaWebConfiguration - spring.jpa.open-in-view is enabled by default. Therefore, database queries may be performed during view rendering. Explicitly configure spring.jpa.open-in-view to disable this warning
23:21:18.465 [main] INFO  o.s.s.web.DefaultSecurityFilterChain - Will secure any request with [org.springframework.security.web.session.DisableEncodeUrlFilter@1606ecbb, org.springframework.security.web.context.request.async.WebAsyncManagerIntegrationFilter@5c18ad5d, org.springframework.security.web.context.SecurityContextHolderFilter@2a01c55, org.springframework.security.web.header.HeaderWriterFilter@7310bc90, org.springframework.web.filter.CorsFilter@497ccf3, org.springframework.security.web.authentication.logout.LogoutFilter@2cf93603, com.example.Project.config.JwtRequestFilter@1147ab09, org.springframework.security.web.savedrequest.RequestCacheAwareFilter@5642cd03, org.springframework.security.web.servletapi.SecurityContextHolderAwareRequestFilter@7caa5387, org.springframework.security.web.authentication.AnonymousAuthenticationFilter@55732ae6, org.springframework.security.web.session.SessionManagementFilter@720cbb7d, org.springframework.security.web.access.ExceptionTranslationFilter@68fd0fba, org.springframework.security.web.access.intercept.AuthorizationFilter@2291fb1]
23:21:19.036 [main] INFO  o.a.coyote.http11.Http11NioProtocol - Starting ProtocolHandler ["http-nio-8080"]
23:21:19.056 [main] INFO  o.s.b.w.e.tomcat.TomcatWebServer - Tomcat started on port 8080 (http) with context path ''
23:21:19.062 [main] INFO  c.example.Project.ProjectApplication - Started ProjectApplication in 3.829 seconds (process running for 4.28)
23:21:55.404 [http-nio-8080-exec-1] INFO  o.a.c.c.C.[Tomcat].[localhost].[/] - Initializing Spring DispatcherServlet 'dispatcherServlet'
23:21:55.404 [http-nio-8080-exec-1] INFO  o.s.web.servlet.DispatcherServlet - Initializing Servlet 'dispatcherServlet'
23:21:55.409 [http-nio-8080-exec-1] INFO  o.s.web.servlet.DispatcherServlet - Completed initialization in 0 ms
23:21:55.420 [http-nio-8080-exec-1] DEBUG o.s.security.web.FilterChainProxy - Securing POST /register
23:21:55.436 [http-nio-8080-exec-1] WARN  c.e.Project.config.JwtRequestFilter - JWT Token does not begin with Bearer String
23:21:55.451 [http-nio-8080-exec-1] DEBUG o.s.s.w.a.AnonymousAuthenticationFilter - Set SecurityContextHolder to anonymous SecurityContext
23:21:55.453 [http-nio-8080-exec-1] DEBUG o.s.security.web.FilterChainProxy - Secured POST /register
23:21:55.519 [http-nio-8080-exec-1] INFO  c.e.P.c.RegistrationController - Received registration request for user with email: nunekarapetyan59@gmail.com
23:21:55.520 [http-nio-8080-exec-1] INFO  c.e.P.service.RegistrationService - Registering user with email: nunekarapetyan59@gmail.com
23:21:55.520 [http-nio-8080-exec-1] INFO  c.e.P.service.RegistrationService - Password is strong!
23:21:55.531 [http-nio-8080-exec-1] WARN  c.e.P.service.RegistrationService - Email nunekarapetyan59@gmail.com is already in use
23:21:55.531 [http-nio-8080-exec-1] INFO  c.e.P.c.RegistrationController - Registration result: Email is already in use
23:23:05.555 [http-nio-8080-exec-2] DEBUG o.s.security.web.FilterChainProxy - Securing POST /register
23:23:05.557 [http-nio-8080-exec-2] WARN  c.e.Project.config.JwtRequestFilter - JWT Token does not begin with Bearer String
23:23:05.557 [http-nio-8080-exec-2] DEBUG o.s.s.w.a.AnonymousAuthenticationFilter - Set SecurityContextHolder to anonymous SecurityContext
23:23:05.557 [http-nio-8080-exec-2] DEBUG o.s.security.web.FilterChainProxy - Secured POST /register
23:23:05.558 [http-nio-8080-exec-2] INFO  c.e.P.c.RegistrationController - Received registration request for user with email: nunekarapetyan59@gmail.com
23:23:05.558 [http-nio-8080-exec-2] INFO  c.e.P.service.RegistrationService - Registering user with email: nunekarapetyan59@gmail.com
23:23:05.558 [http-nio-8080-exec-2] INFO  c.e.P.service.RegistrationService - Password is strong!
23:23:07.670 [http-nio-8080-exec-2] INFO  c.e.P.service.RegistrationService - Confirmation Token: aafafdfa-d002-4aed-a8c1-cd0b9c460b9d
23:23:07.670 [http-nio-8080-exec-2] INFO  c.e.P.c.RegistrationController - Registration result: Verify email by the link sent on your email address
23:28:37.866 [SpringApplicationShutdownHook] INFO  o.s.o.j.LocalContainerEntityManagerFactoryBean - Closing JPA EntityManagerFactory for persistence unit 'default'
23:28:37.868 [SpringApplicationShutdownHook] INFO  com.zaxxer.hikari.HikariDataSource - HikariPool-1 - Shutdown initiated...
23:28:37.872 [SpringApplicationShutdownHook] INFO  com.zaxxer.hikari.HikariDataSource - HikariPool-1 - Shutdown completed.
23:28:40.820 [background-preinit] INFO  o.h.validator.internal.util.Version - HV000001: Hibernate Validator 8.0.1.Final
23:28:40.845 [main] INFO  c.example.Project.ProjectApplication - Starting ProjectApplication using Java 18.0.2 with PID 22680 (C:\Users\Nune_\OneDrive\Desktop\Project\target\classes started by Nune_ in C:\Users\Nune_\OneDrive\Desktop\Project)
23:28:40.846 [main] INFO  c.example.Project.ProjectApplication - No active profile set, falling back to 1 default profile: "default"
23:28:41.227 [main] INFO  o.s.d.r.c.RepositoryConfigurationDelegate - Bootstrapping Spring Data JPA repositories in DEFAULT mode.
23:28:41.265 [main] INFO  o.s.d.r.c.RepositoryConfigurationDelegate - Finished Spring Data repository scanning in 31 ms. Found 6 JPA repository interfaces.
23:28:41.702 [main] INFO  o.s.b.w.e.tomcat.TomcatWebServer - Tomcat initialized with port 8080 (http)
23:28:41.708 [main] INFO  o.a.coyote.http11.Http11NioProtocol - Initializing ProtocolHandler ["http-nio-8080"]
23:28:41.709 [main] INFO  o.a.catalina.core.StandardService - Starting service [Tomcat]
23:28:41.709 [main] INFO  o.a.catalina.core.StandardEngine - Starting Servlet engine: [Apache Tomcat/10.1.17]
23:28:41.744 [main] INFO  o.a.c.c.C.[Tomcat].[localhost].[/] - Initializing Spring embedded WebApplicationContext
23:28:41.745 [main] INFO  o.s.b.w.s.c.ServletWebServerApplicationContext - Root WebApplicationContext: initialization completed in 859 ms
23:28:41.825 [main] INFO  o.h.jpa.internal.util.LogHelper - HHH000204: Processing PersistenceUnitInfo [name: default]
23:28:41.852 [main] INFO  org.hibernate.Version - HHH000412: Hibernate ORM core version 6.4.1.Final
23:28:41.882 [main] INFO  o.h.c.i.RegionFactoryInitiator - HHH000026: Second-level cache disabled
23:28:42.015 [main] INFO  o.s.o.j.p.SpringPersistenceUnitInfo - No LoadTimeWeaver setup: ignoring JPA class transformer
23:28:42.029 [main] INFO  com.zaxxer.hikari.HikariDataSource - HikariPool-1 - Starting...
23:28:42.209 [main] INFO  com.zaxxer.hikari.pool.HikariPool - HikariPool-1 - Added connection com.mysql.cj.jdbc.ConnectionImpl@ab2009f
23:28:42.211 [main] INFO  com.zaxxer.hikari.HikariDataSource - HikariPool-1 - Start completed.
23:28:42.878 [main] INFO  o.h.e.t.j.p.i.JtaPlatformInitiator - HHH000489: No JTA platform available (set 'hibernate.transaction.jta.platform' to enable JTA platform integration)
23:28:42.928 [main] INFO  o.s.o.j.LocalContainerEntityManagerFactoryBean - Initialized JPA EntityManagerFactory for persistence unit 'default'
23:28:43.092 [main] INFO  o.s.d.j.r.query.QueryEnhancerFactory - Hibernate is in classpath; If applicable, HQL parser will be used.
23:28:43.527 [main] WARN  o.s.b.a.o.j.JpaBaseConfiguration$JpaWebConfiguration - spring.jpa.open-in-view is enabled by default. Therefore, database queries may be performed during view rendering. Explicitly configure spring.jpa.open-in-view to disable this warning
23:28:43.663 [main] INFO  o.s.s.web.DefaultSecurityFilterChain - Will secure any request with [org.springframework.security.web.session.DisableEncodeUrlFilter@2291fb1, org.springframework.security.web.context.request.async.WebAsyncManagerIntegrationFilter@213f2d00, org.springframework.security.web.context.SecurityContextHolderFilter@720cbb7d, org.springframework.security.web.header.HeaderWriterFilter@4bdec54, org.springframework.web.filter.CorsFilter@2aaf7354, org.springframework.security.web.authentication.logout.LogoutFilter@54a2ff94, com.example.Project.config.JwtRequestFilter@1147ab09, org.springframework.security.web.savedrequest.RequestCacheAwareFilter@3a72160a, org.springframework.security.web.servletapi.SecurityContextHolderAwareRequestFilter@2a01c55, org.springframework.security.web.authentication.AnonymousAuthenticationFilter@1606ecbb, org.springframework.security.web.session.SessionManagementFilter@4e1ffe54, org.springframework.security.web.access.ExceptionTranslationFilter@6c07666f, org.springframework.security.web.access.intercept.AuthorizationFilter@57ce8f63]
23:28:43.843 [main] INFO  o.a.coyote.http11.Http11NioProtocol - Starting ProtocolHandler ["http-nio-8080"]
23:28:43.854 [main] INFO  o.s.b.w.e.tomcat.TomcatWebServer - Tomcat started on port 8080 (http) with context path ''
23:28:43.861 [main] INFO  c.example.Project.ProjectApplication - Started ProjectApplication in 3.232 seconds (process running for 3.647)
23:29:00.334 [http-nio-8080-exec-1] INFO  o.a.c.c.C.[Tomcat].[localhost].[/] - Initializing Spring DispatcherServlet 'dispatcherServlet'
23:29:00.335 [http-nio-8080-exec-1] INFO  o.s.web.servlet.DispatcherServlet - Initializing Servlet 'dispatcherServlet'
23:29:00.335 [http-nio-8080-exec-1] INFO  o.s.web.servlet.DispatcherServlet - Completed initialization in 0 ms
23:29:00.344 [http-nio-8080-exec-1] DEBUG o.s.security.web.FilterChainProxy - Securing POST /register
23:29:00.356 [http-nio-8080-exec-1] WARN  c.e.Project.config.JwtRequestFilter - JWT Token does not begin with Bearer String
23:29:00.357 [http-nio-8080-exec-1] DEBUG o.s.s.w.a.AnonymousAuthenticationFilter - Set SecurityContextHolder to anonymous SecurityContext
23:29:00.359 [http-nio-8080-exec-1] DEBUG o.s.security.web.FilterChainProxy - Secured POST /register
23:29:00.401 [http-nio-8080-exec-1] INFO  c.e.P.c.RegistrationController - Received registration request for user with email: nunekarapetyan59@gmail.com
23:29:00.401 [http-nio-8080-exec-1] INFO  c.e.P.service.RegistrationService - Registering user with email: nunekarapetyan59@gmail.com
23:29:00.401 [http-nio-8080-exec-1] INFO  c.e.P.service.RegistrationService - Password is strong!
23:29:02.829 [http-nio-8080-exec-1] INFO  c.e.P.service.RegistrationService - Confirmation Token: 2f522c1e-546a-44b4-8ec5-3e8d4519d9bc
23:29:02.829 [http-nio-8080-exec-1] INFO  c.e.P.c.RegistrationController - Registration result: Verify email by the link sent on your email address
23:29:17.883 [SpringApplicationShutdownHook] INFO  o.s.o.j.LocalContainerEntityManagerFactoryBean - Closing JPA EntityManagerFactory for persistence unit 'default'
23:29:17.883 [SpringApplicationShutdownHook] INFO  com.zaxxer.hikari.HikariDataSource - HikariPool-1 - Shutdown initiated...
23:29:17.891 [SpringApplicationShutdownHook] INFO  com.zaxxer.hikari.HikariDataSource - HikariPool-1 - Shutdown completed.
